/home/lumen-dooh/.pyenv/versions/binance-coin-env/lib/python3.7/site-packages/django/db/models/fields/__init__.py:1427: RuntimeWarning: DateTimeField BitFinanceExchange.candle_date_time_kst received a naive datetime (2021-04-29 12:03:00) while time zone support is active.
  RuntimeWarning)
'BCC'
'HSR'
'YOYOW'
'STRAT'
'ICN'
'VEN'
'XZC'
'DGD'
'RPX'
'BCN'
'PHX'
'BSV'
'BTCB'
/home/lumen-dooh/.pyenv/versions/binance-coin-env/lib/python3.7/site-packages/django/db/models/fields/__init__.py:1427: RuntimeWarning: DateTimeField BitFinanceExchange.candle_date_time_kst received a naive datetime (2021-04-29 12:04:00) while time zone support is active.
  RuntimeWarning)
'BCC'
'HSR'
'YOYOW'
'STRAT'
'ICN'
'VEN'
'XZC'
'DGD'
'RPX'
'BCN'
'PHX'
'BSV'
'BTCB'
/home/lumen-dooh/.pyenv/versions/binance-coin-env/lib/python3.7/site-packages/django/db/models/fields/__init__.py:1427: RuntimeWarning: DateTimeField BitFinanceExchange.candle_date_time_kst received a naive datetime (2021-04-29 12:12:00) while time zone support is active.
  RuntimeWarning)
'BCC'
'HSR'
'YOYOW'
'STRAT'
'ICN'
'VEN'
'XZC'
'DGD'
'RPX'
'BCN'
'PHX'
'BSV'
'BTCB'
/home/lumen-dooh/.pyenv/versions/binance-coin-env/lib/python3.7/site-packages/django/db/models/fields/__init__.py:1427: RuntimeWarning: DateTimeField BitFinanceExchange.candle_date_time_kst received a naive datetime (2021-04-29 12:13:00) while time zone support is active.
  RuntimeWarning)
'BCC'
'HSR'
'YOYOW'
'STRAT'
'ICN'
'VEN'
'XZC'
'DGD'
'RPX'
'BCN'
'PHX'
'BSV'
'BTCB'
/home/lumen-dooh/.pyenv/versions/binance-coin-env/lib/python3.7/site-packages/django/db/models/fields/__init__.py:1427: RuntimeWarning: DateTimeField BitFinanceExchange.candle_date_time_kst received a naive datetime (2021-04-29 12:14:00) while time zone support is active.
  RuntimeWarning)
'BCC'
'HSR'
'YOYOW'
'STRAT'
'ICN'
'VEN'
'XZC'
'DGD'
'RPX'
'BCN'
'PHX'
'BSV'
'BTCB'
/home/lumen-dooh/.pyenv/versions/binance-coin-env/lib/python3.7/site-packages/django/db/models/fields/__init__.py:1427: RuntimeWarning: DateTimeField BitFinanceExchange.candle_date_time_kst received a naive datetime (2021-04-29 12:15:00) while time zone support is active.
  RuntimeWarning)
'BCC'
'HSR'
'YOYOW'
'STRAT'
'ICN'
'VEN'
'XZC'
'DGD'
'RPX'
'BCN'
'PHX'
'BSV'
'BTCB'
/home/lumen-dooh/.pyenv/versions/binance-coin-env/lib/python3.7/site-packages/django/db/models/fields/__init__.py:1427: RuntimeWarning: DateTimeField BitFinanceExchange.candle_date_time_kst received a naive datetime (2021-04-29 12:16:00) while time zone support is active.
  RuntimeWarning)
'BCC'
'HSR'
'YOYOW'
'STRAT'
'ICN'
'VEN'
'XZC'
'DGD'
'RPX'
'BCN'
'PHX'
'BSV'
'BTCB'
/home/lumen-dooh/.pyenv/versions/binance-coin-env/lib/python3.7/site-packages/django/db/models/fields/__init__.py:1427: RuntimeWarning: DateTimeField BitFinanceExchange.candle_date_time_kst received a naive datetime (2021-04-29 12:17:00) while time zone support is active.
  RuntimeWarning)
'BCC'
'HSR'
'YOYOW'
'STRAT'
'ICN'
'VEN'
'XZC'
'DGD'
'RPX'
'BCN'
'PHX'
'BSV'
'BTCB'
/home/lumen-dooh/.pyenv/versions/binance-coin-env/lib/python3.7/site-packages/django/db/models/fields/__init__.py:1427: RuntimeWarning: DateTimeField BitFinanceExchange.candle_date_time_kst received a naive datetime (2021-04-29 12:18:00) while time zone support is active.
  RuntimeWarning)
'BCC'
'HSR'
'YOYOW'
'STRAT'
'ICN'
'VEN'
'XZC'
'DGD'
'RPX'
'BCN'
'PHX'
'BSV'
'BTCB'
/home/lumen-dooh/.pyenv/versions/binance-coin-env/lib/python3.7/site-packages/django/db/models/fields/__init__.py:1427: RuntimeWarning: DateTimeField BitFinanceExchange.candle_date_time_kst received a naive datetime (2021-04-29 12:19:00) while time zone support is active.
  RuntimeWarning)
'BCC'
'HSR'
'YOYOW'
'STRAT'
'ICN'
'VEN'
'XZC'
'DGD'
'RPX'
'BCN'
'PHX'
'BSV'
'BTCB'
/home/lumen-dooh/.pyenv/versions/binance-coin-env/lib/python3.7/site-packages/django/db/models/fields/__init__.py:1427: RuntimeWarning: DateTimeField BitFinanceExchange.candle_date_time_kst received a naive datetime (2021-04-29 12:20:00) while time zone support is active.
  RuntimeWarning)
'BCC'
'HSR'
'YOYOW'
'STRAT'
'ICN'
'VEN'
'XZC'
'DGD'
'RPX'
'BCN'
'PHX'
'BSV'
'BTCB'
/home/lumen-dooh/.pyenv/versions/binance-coin-env/lib/python3.7/site-packages/django/db/models/fields/__init__.py:1427: RuntimeWarning: DateTimeField BitFinanceExchange.candle_date_time_kst received a naive datetime (2021-04-29 12:21:00) while time zone support is active.
  RuntimeWarning)
'BCC'
'HSR'
'YOYOW'
'STRAT'
'ICN'
'VEN'
'XZC'
'DGD'
'RPX'
'BCN'
'PHX'
'BSV'
'BTCB'
/home/lumen-dooh/.pyenv/versions/binance-coin-env/lib/python3.7/site-packages/django/db/models/fields/__init__.py:1427: RuntimeWarning: DateTimeField BitFinanceExchange.candle_date_time_kst received a naive datetime (2021-04-29 12:22:00) while time zone support is active.
  RuntimeWarning)
withdraw Exception 'BCC'
withdraw Exception 'HSR'
withdraw Exception 'YOYOW'
withdraw Exception 'STRAT'
withdraw Exception 'ICN'
withdraw Exception 'VEN'
withdraw Exception 'XZC'
withdraw Exception 'DGD'
withdraw Exception 'RPX'
withdraw Exception 'BCN'
withdraw Exception 'PHX'
withdraw Exception 'BSV'
withdraw Exception 'BTCB'
/home/lumen-dooh/.pyenv/versions/binance-coin-env/lib/python3.7/site-packages/django/db/models/fields/__init__.py:1427: RuntimeWarning: DateTimeField BitFinanceExchange.candle_date_time_kst received a naive datetime (2021-04-29 12:23:00) while time zone support is active.
  RuntimeWarning)
withdraw Exception 'BCC'
withdraw Exception 'HSR'
withdraw Exception 'YOYOW'
withdraw Exception 'STRAT'
withdraw Exception 'ICN'
withdraw Exception 'VEN'
withdraw Exception 'XZC'
withdraw Exception 'DGD'
withdraw Exception 'RPX'
withdraw Exception 'BCN'
withdraw Exception 'PHX'
withdraw Exception 'BSV'
withdraw Exception 'BTCB'
/home/lumen-dooh/.pyenv/versions/binance-coin-env/lib/python3.7/site-packages/django/db/models/fields/__init__.py:1427: RuntimeWarning: DateTimeField BitFinanceExchange.candle_date_time_kst received a naive datetime (2021-04-29 12:24:00) while time zone support is active.
  RuntimeWarning)
withdraw Exception 'BCC'
withdraw Exception 'HSR'
withdraw Exception 'YOYOW'
withdraw Exception 'STRAT'
withdraw Exception 'ICN'
withdraw Exception 'VEN'
withdraw Exception 'XZC'
withdraw Exception 'DGD'
withdraw Exception 'RPX'
withdraw Exception 'BCN'
withdraw Exception 'PHX'
withdraw Exception 'BSV'
withdraw Exception 'BTCB'
/home/lumen-dooh/.pyenv/versions/binance-coin-env/lib/python3.7/site-packages/django/db/models/fields/__init__.py:1427: RuntimeWarning: DateTimeField BitFinanceExchange.candle_date_time_kst received a naive datetime (2021-04-29 12:25:00) while time zone support is active.
  RuntimeWarning)
withdraw Exception 'BCC'
withdraw Exception 'HSR'
withdraw Exception 'YOYOW'
withdraw Exception 'STRAT'
withdraw Exception 'ICN'
withdraw Exception 'VEN'
withdraw Exception 'XZC'
withdraw Exception 'DGD'
withdraw Exception 'RPX'
withdraw Exception 'BCN'
withdraw Exception 'PHX'
withdraw Exception 'BSV'
withdraw Exception 'BTCB'
/home/lumen-dooh/.pyenv/versions/binance-coin-env/lib/python3.7/site-packages/django/db/models/fields/__init__.py:1427: RuntimeWarning: DateTimeField BitFinanceExchange.candle_date_time_kst received a naive datetime (2021-04-29 12:26:00) while time zone support is active.
  RuntimeWarning)
withdraw Exception 'BCC'
withdraw Exception 'HSR'
withdraw Exception 'YOYOW'
withdraw Exception 'STRAT'
withdraw Exception 'ICN'
withdraw Exception 'VEN'
withdraw Exception 'XZC'
withdraw Exception 'DGD'
withdraw Exception 'RPX'
withdraw Exception 'BCN'
withdraw Exception 'PHX'
withdraw Exception 'BSV'
withdraw Exception 'BTCB'
/home/lumen-dooh/.pyenv/versions/binance-coin-env/lib/python3.7/site-packages/django/db/models/fields/__init__.py:1427: RuntimeWarning: DateTimeField BitFinanceExchange.candle_date_time_kst received a naive datetime (2021-04-29 12:27:00) while time zone support is active.
  RuntimeWarning)
withdraw Exception 'BCC'
withdraw Exception 'HSR'
withdraw Exception 'YOYOW'
withdraw Exception 'STRAT'
withdraw Exception 'ICN'
withdraw Exception 'VEN'
withdraw Exception 'XZC'
withdraw Exception 'DGD'
withdraw Exception 'RPX'
withdraw Exception 'BCN'
withdraw Exception 'PHX'
withdraw Exception 'BSV'
withdraw Exception 'BTCB'
/home/lumen-dooh/.pyenv/versions/binance-coin-env/lib/python3.7/site-packages/django/db/models/fields/__init__.py:1427: RuntimeWarning: DateTimeField BitFinanceExchange.candle_date_time_kst received a naive datetime (2021-04-29 12:28:00) while time zone support is active.
  RuntimeWarning)
withdraw Exception 'BCC'
withdraw Exception 'HSR'
withdraw Exception 'YOYOW'
withdraw Exception 'STRAT'
withdraw Exception 'ICN'
withdraw Exception 'VEN'
withdraw Exception 'XZC'
withdraw Exception 'DGD'
withdraw Exception 'RPX'
withdraw Exception 'BCN'
withdraw Exception 'PHX'
withdraw Exception 'BSV'
withdraw Exception 'BTCB'
/home/lumen-dooh/.pyenv/versions/binance-coin-env/lib/python3.7/site-packages/django/db/models/fields/__init__.py:1427: RuntimeWarning: DateTimeField BitFinanceExchange.candle_date_time_kst received a naive datetime (2021-04-29 12:29:00) while time zone support is active.
  RuntimeWarning)
withdraw Exception 'BCC'
withdraw Exception 'HSR'
withdraw Exception 'YOYOW'
withdraw Exception 'STRAT'
withdraw Exception 'ICN'
withdraw Exception 'VEN'
withdraw Exception 'XZC'
withdraw Exception 'DGD'
withdraw Exception 'RPX'
withdraw Exception 'BCN'
withdraw Exception 'PHX'
withdraw Exception 'BSV'
withdraw Exception 'BTCB'
/home/lumen-dooh/.pyenv/versions/binance-coin-env/lib/python3.7/site-packages/django/db/models/fields/__init__.py:1427: RuntimeWarning: DateTimeField BitFinanceExchange.candle_date_time_kst received a naive datetime (2021-04-29 12:30:00) while time zone support is active.
  RuntimeWarning)
withdraw Exception 'BCC'
withdraw Exception 'HSR'
withdraw Exception 'YOYOW'
withdraw Exception 'STRAT'
withdraw Exception 'ICN'
withdraw Exception 'VEN'
withdraw Exception 'XZC'
withdraw Exception 'DGD'
withdraw Exception 'RPX'
withdraw Exception 'BCN'
withdraw Exception 'PHX'
withdraw Exception 'BSV'
withdraw Exception 'BTCB'
/home/lumen-dooh/.pyenv/versions/binance-coin-env/lib/python3.7/site-packages/django/db/models/fields/__init__.py:1427: RuntimeWarning: DateTimeField BitFinanceExchange.candle_date_time_kst received a naive datetime (2021-04-29 12:31:00) while time zone support is active.
  RuntimeWarning)
withdraw Exception 'BCC'
withdraw Exception 'HSR'
withdraw Exception 'YOYOW'
withdraw Exception 'STRAT'
withdraw Exception 'ICN'
withdraw Exception 'VEN'
withdraw Exception 'XZC'
withdraw Exception 'DGD'
withdraw Exception 'RPX'
withdraw Exception 'BCN'
withdraw Exception 'PHX'
withdraw Exception 'BSV'
withdraw Exception 'BTCB'
/home/lumen-dooh/.pyenv/versions/binance-coin-env/lib/python3.7/site-packages/django/db/models/fields/__init__.py:1427: RuntimeWarning: DateTimeField BitFinanceExchange.candle_date_time_kst received a naive datetime (2021-04-29 12:32:00) while time zone support is active.
  RuntimeWarning)
withdraw Exception 'BCC'
withdraw Exception 'HSR'
withdraw Exception 'YOYOW'
withdraw Exception 'STRAT'
withdraw Exception 'ICN'
withdraw Exception 'VEN'
withdraw Exception 'XZC'
withdraw Exception 'DGD'
withdraw Exception 'RPX'
withdraw Exception 'BCN'
withdraw Exception 'PHX'
withdraw Exception 'BSV'
withdraw Exception 'BTCB'
/home/lumen-dooh/.pyenv/versions/binance-coin-env/lib/python3.7/site-packages/django/db/models/fields/__init__.py:1427: RuntimeWarning: DateTimeField BitFinanceExchange.candle_date_time_kst received a naive datetime (2021-04-29 12:33:00) while time zone support is active.
  RuntimeWarning)
withdraw Exception 'BCC'
withdraw Exception 'HSR'
withdraw Exception 'YOYOW'
withdraw Exception 'STRAT'
withdraw Exception 'ICN'
withdraw Exception 'VEN'
withdraw Exception 'XZC'
withdraw Exception 'DGD'
withdraw Exception 'RPX'
withdraw Exception 'BCN'
withdraw Exception 'PHX'
withdraw Exception 'BSV'
withdraw Exception 'BTCB'
/home/lumen-dooh/.pyenv/versions/binance-coin-env/lib/python3.7/site-packages/django/db/models/fields/__init__.py:1427: RuntimeWarning: DateTimeField BitFinanceExchange.candle_date_time_kst received a naive datetime (2021-04-29 12:34:00) while time zone support is active.
  RuntimeWarning)
withdraw Exception 'BCC'
withdraw Exception 'HSR'
withdraw Exception 'YOYOW'
withdraw Exception 'STRAT'
withdraw Exception 'ICN'
withdraw Exception 'VEN'
withdraw Exception 'XZC'
withdraw Exception 'DGD'
withdraw Exception 'RPX'
withdraw Exception 'BCN'
withdraw Exception 'PHX'
withdraw Exception 'BSV'
withdraw Exception 'BTCB'
/home/lumen-dooh/.pyenv/versions/binance-coin-env/lib/python3.7/site-packages/django/db/models/fields/__init__.py:1427: RuntimeWarning: DateTimeField BitFinanceExchange.candle_date_time_kst received a naive datetime (2021-04-29 12:35:00) while time zone support is active.
  RuntimeWarning)
withdraw Exception 'BCC'
withdraw Exception 'HSR'
withdraw Exception 'YOYOW'
withdraw Exception 'STRAT'
withdraw Exception 'ICN'
withdraw Exception 'VEN'
withdraw Exception 'XZC'
withdraw Exception 'DGD'
withdraw Exception 'RPX'
withdraw Exception 'BCN'
withdraw Exception 'PHX'
withdraw Exception 'BSV'
withdraw Exception 'BTCB'
/home/lumen-dooh/.pyenv/versions/binance-coin-env/lib/python3.7/site-packages/django/db/models/fields/__init__.py:1427: RuntimeWarning: DateTimeField BitFinanceExchange.candle_date_time_kst received a naive datetime (2021-04-29 12:36:00) while time zone support is active.
  RuntimeWarning)
withdraw Exception 'BCC'
withdraw Exception 'HSR'
withdraw Exception 'YOYOW'
withdraw Exception 'STRAT'
withdraw Exception 'ICN'
withdraw Exception 'VEN'
withdraw Exception 'XZC'
withdraw Exception 'DGD'
withdraw Exception 'RPX'
withdraw Exception 'BCN'
withdraw Exception 'PHX'
withdraw Exception 'BSV'
withdraw Exception 'BTCB'
/home/lumen-dooh/.pyenv/versions/binance-coin-env/lib/python3.7/site-packages/django/db/models/fields/__init__.py:1427: RuntimeWarning: DateTimeField BitFinanceExchange.candle_date_time_kst received a naive datetime (2021-04-29 12:37:00) while time zone support is active.
  RuntimeWarning)
withdraw Exception 'BCC'
withdraw Exception 'HSR'
withdraw Exception 'YOYOW'
withdraw Exception 'STRAT'
withdraw Exception 'ICN'
withdraw Exception 'VEN'
withdraw Exception 'XZC'
withdraw Exception 'DGD'
withdraw Exception 'RPX'
withdraw Exception 'BCN'
withdraw Exception 'PHX'
withdraw Exception 'BSV'
withdraw Exception 'BTCB'
/home/lumen-dooh/.pyenv/versions/binance-coin-env/lib/python3.7/site-packages/django/db/models/fields/__init__.py:1427: RuntimeWarning: DateTimeField BitFinanceExchange.candle_date_time_kst received a naive datetime (2021-04-29 12:38:00) while time zone support is active.
  RuntimeWarning)
withdraw Exception 'BCC'
withdraw Exception 'HSR'
withdraw Exception 'YOYOW'
withdraw Exception 'STRAT'
withdraw Exception 'ICN'
withdraw Exception 'VEN'
withdraw Exception 'XZC'
withdraw Exception 'DGD'
withdraw Exception 'RPX'
withdraw Exception 'BCN'
withdraw Exception 'PHX'
withdraw Exception 'BSV'
withdraw Exception 'BTCB'
/home/lumen-dooh/.pyenv/versions/binance-coin-env/lib/python3.7/site-packages/django/db/models/fields/__init__.py:1427: RuntimeWarning: DateTimeField BitFinanceExchange.candle_date_time_kst received a naive datetime (2021-04-29 12:39:00) while time zone support is active.
  RuntimeWarning)
withdraw Exception 'BCC'
withdraw Exception 'HSR'
withdraw Exception 'YOYOW'
withdraw Exception 'STRAT'
withdraw Exception 'ICN'
withdraw Exception 'VEN'
withdraw Exception 'XZC'
withdraw Exception 'DGD'
withdraw Exception 'RPX'
withdraw Exception 'BCN'
withdraw Exception 'PHX'
withdraw Exception 'BSV'
withdraw Exception 'BTCB'
/home/lumen-dooh/.pyenv/versions/binance-coin-env/lib/python3.7/site-packages/django/db/models/fields/__init__.py:1427: RuntimeWarning: DateTimeField BitFinanceExchange.candle_date_time_kst received a naive datetime (2021-04-29 12:40:00) while time zone support is active.
  RuntimeWarning)
withdraw Exception 'BCC'
withdraw Exception 'HSR'
withdraw Exception 'YOYOW'
withdraw Exception 'STRAT'
withdraw Exception 'ICN'
withdraw Exception 'VEN'
withdraw Exception 'XZC'
withdraw Exception 'DGD'
withdraw Exception 'RPX'
withdraw Exception 'BCN'
withdraw Exception 'PHX'
withdraw Exception 'BSV'
withdraw Exception 'BTCB'
/home/lumen-dooh/.pyenv/versions/binance-coin-env/lib/python3.7/site-packages/django/db/models/fields/__init__.py:1427: RuntimeWarning: DateTimeField BitFinanceExchange.candle_date_time_kst received a naive datetime (2021-04-29 12:41:00) while time zone support is active.
  RuntimeWarning)
withdraw Exception 'BCC'
withdraw Exception 'HSR'
withdraw Exception 'YOYOW'
withdraw Exception 'STRAT'
withdraw Exception 'ICN'
withdraw Exception 'VEN'
withdraw Exception 'XZC'
withdraw Exception 'DGD'
withdraw Exception 'RPX'
withdraw Exception 'BCN'
withdraw Exception 'PHX'
withdraw Exception 'BSV'
withdraw Exception 'BTCB'
/home/lumen-dooh/.pyenv/versions/binance-coin-env/lib/python3.7/site-packages/django/db/models/fields/__init__.py:1427: RuntimeWarning: DateTimeField BitFinanceExchange.candle_date_time_kst received a naive datetime (2021-04-29 12:42:00) while time zone support is active.
  RuntimeWarning)
withdraw Exception 'BCC'
withdraw Exception 'HSR'
withdraw Exception 'YOYOW'
withdraw Exception 'STRAT'
withdraw Exception 'ICN'
withdraw Exception 'VEN'
withdraw Exception 'XZC'
withdraw Exception 'DGD'
withdraw Exception 'RPX'
withdraw Exception 'BCN'
withdraw Exception 'PHX'
withdraw Exception 'BSV'
withdraw Exception 'BTCB'
/home/lumen-dooh/.pyenv/versions/binance-coin-env/lib/python3.7/site-packages/django/db/models/fields/__init__.py:1427: RuntimeWarning: DateTimeField BitFinanceExchange.candle_date_time_kst received a naive datetime (2021-04-29 12:43:00) while time zone support is active.
  RuntimeWarning)
withdraw Exception 'BCC'
withdraw Exception 'HSR'
withdraw Exception 'YOYOW'
withdraw Exception 'STRAT'
withdraw Exception 'ICN'
withdraw Exception 'VEN'
withdraw Exception 'XZC'
withdraw Exception 'DGD'
withdraw Exception 'RPX'
withdraw Exception 'BCN'
withdraw Exception 'PHX'
withdraw Exception 'BSV'
withdraw Exception 'BTCB'
/home/lumen-dooh/.pyenv/versions/binance-coin-env/lib/python3.7/site-packages/django/db/models/fields/__init__.py:1427: RuntimeWarning: DateTimeField BitFinanceExchange.candle_date_time_kst received a naive datetime (2021-04-29 12:44:00) while time zone support is active.
  RuntimeWarning)
withdraw Exception 'BCC'
withdraw Exception 'HSR'
withdraw Exception 'YOYOW'
withdraw Exception 'STRAT'
withdraw Exception 'ICN'
withdraw Exception 'VEN'
withdraw Exception 'XZC'
withdraw Exception 'DGD'
withdraw Exception 'RPX'
withdraw Exception 'BCN'
withdraw Exception 'PHX'
withdraw Exception 'BSV'
withdraw Exception 'BTCB'
/home/lumen-dooh/.pyenv/versions/binance-coin-env/lib/python3.7/site-packages/django/db/models/fields/__init__.py:1427: RuntimeWarning: DateTimeField BitFinanceExchange.candle_date_time_kst received a naive datetime (2021-04-29 12:45:00) while time zone support is active.
  RuntimeWarning)
withdraw Exception 'BCC'
withdraw Exception 'HSR'
withdraw Exception 'YOYOW'
withdraw Exception 'STRAT'
withdraw Exception 'ICN'
withdraw Exception 'VEN'
withdraw Exception 'XZC'
withdraw Exception 'DGD'
withdraw Exception 'RPX'
withdraw Exception 'BCN'
withdraw Exception 'PHX'
withdraw Exception 'BSV'
withdraw Exception 'BTCB'
/home/lumen-dooh/.pyenv/versions/binance-coin-env/lib/python3.7/site-packages/django/db/models/fields/__init__.py:1427: RuntimeWarning: DateTimeField BitFinanceExchange.candle_date_time_kst received a naive datetime (2021-04-29 12:46:00) while time zone support is active.
  RuntimeWarning)
withdraw Exception 'BCC'
withdraw Exception 'HSR'
withdraw Exception 'YOYOW'
withdraw Exception 'STRAT'
withdraw Exception 'ICN'
withdraw Exception 'VEN'
withdraw Exception 'XZC'
withdraw Exception 'DGD'
withdraw Exception 'RPX'
withdraw Exception 'BCN'
withdraw Exception 'PHX'
withdraw Exception 'BSV'
withdraw Exception 'BTCB'
/home/lumen-dooh/.pyenv/versions/binance-coin-env/lib/python3.7/site-packages/django/db/models/fields/__init__.py:1427: RuntimeWarning: DateTimeField BitFinanceExchange.candle_date_time_kst received a naive datetime (2021-04-29 12:47:00) while time zone support is active.
  RuntimeWarning)
withdraw Exception 'BCC'
withdraw Exception 'HSR'
withdraw Exception 'YOYOW'
withdraw Exception 'STRAT'
withdraw Exception 'ICN'
withdraw Exception 'VEN'
withdraw Exception 'XZC'
withdraw Exception 'DGD'
withdraw Exception 'RPX'
withdraw Exception 'BCN'
withdraw Exception 'PHX'
withdraw Exception 'BSV'
withdraw Exception 'BTCB'
/home/lumen-dooh/.pyenv/versions/binance-coin-env/lib/python3.7/site-packages/django/db/models/fields/__init__.py:1427: RuntimeWarning: DateTimeField BitFinanceExchange.candle_date_time_kst received a naive datetime (2021-04-29 12:48:00) while time zone support is active.
  RuntimeWarning)
withdraw Exception 'BCC'
withdraw Exception 'HSR'
withdraw Exception 'YOYOW'
withdraw Exception 'STRAT'
withdraw Exception 'ICN'
withdraw Exception 'VEN'
withdraw Exception 'XZC'
withdraw Exception 'DGD'
withdraw Exception 'RPX'
withdraw Exception 'BCN'
withdraw Exception 'PHX'
withdraw Exception 'BSV'
withdraw Exception 'BTCB'
/home/lumen-dooh/.pyenv/versions/binance-coin-env/lib/python3.7/site-packages/django/db/models/fields/__init__.py:1427: RuntimeWarning: DateTimeField BitFinanceExchange.candle_date_time_kst received a naive datetime (2021-04-29 12:49:00) while time zone support is active.
  RuntimeWarning)
withdraw Exception 'BCC'
withdraw Exception 'HSR'
withdraw Exception 'YOYOW'
withdraw Exception 'STRAT'
withdraw Exception 'ICN'
withdraw Exception 'VEN'
withdraw Exception 'XZC'
withdraw Exception 'DGD'
withdraw Exception 'RPX'
withdraw Exception 'BCN'
withdraw Exception 'PHX'
withdraw Exception 'BSV'
withdraw Exception 'BTCB'
/home/lumen-dooh/.pyenv/versions/binance-coin-env/lib/python3.7/site-packages/django/db/models/fields/__init__.py:1427: RuntimeWarning: DateTimeField BitFinanceExchange.candle_date_time_kst received a naive datetime (2021-04-29 12:50:00) while time zone support is active.
  RuntimeWarning)
withdraw Exception 'BCC'
withdraw Exception 'HSR'
withdraw Exception 'YOYOW'
withdraw Exception 'STRAT'
withdraw Exception 'ICN'
withdraw Exception 'VEN'
withdraw Exception 'XZC'
withdraw Exception 'DGD'
withdraw Exception 'RPX'
withdraw Exception 'BCN'
withdraw Exception 'PHX'
withdraw Exception 'BSV'
withdraw Exception 'BTCB'
/home/lumen-dooh/.pyenv/versions/binance-coin-env/lib/python3.7/site-packages/django/db/models/fields/__init__.py:1427: RuntimeWarning: DateTimeField BitFinanceExchange.candle_date_time_kst received a naive datetime (2021-04-29 12:51:00) while time zone support is active.
  RuntimeWarning)
withdraw Exception 'BCC'
withdraw Exception 'HSR'
withdraw Exception 'YOYOW'
withdraw Exception 'STRAT'
withdraw Exception 'ICN'
withdraw Exception 'VEN'
withdraw Exception 'XZC'
withdraw Exception 'DGD'
withdraw Exception 'RPX'
withdraw Exception 'BCN'
withdraw Exception 'PHX'
withdraw Exception 'BSV'
withdraw Exception 'BTCB'
/home/lumen-dooh/.pyenv/versions/binance-coin-env/lib/python3.7/site-packages/django/db/models/fields/__init__.py:1427: RuntimeWarning: DateTimeField BitFinanceExchange.candle_date_time_kst received a naive datetime (2021-04-29 12:52:00) while time zone support is active.
  RuntimeWarning)
withdraw Exception 'BCC'
withdraw Exception 'HSR'
withdraw Exception 'YOYOW'
withdraw Exception 'STRAT'
withdraw Exception 'ICN'
withdraw Exception 'VEN'
withdraw Exception 'XZC'
withdraw Exception 'DGD'
withdraw Exception 'RPX'
withdraw Exception 'BCN'
withdraw Exception 'PHX'
withdraw Exception 'BSV'
withdraw Exception 'BTCB'
/home/lumen-dooh/.pyenv/versions/binance-coin-env/lib/python3.7/site-packages/django/db/models/fields/__init__.py:1427: RuntimeWarning: DateTimeField BitFinanceExchange.candle_date_time_kst received a naive datetime (2021-04-29 12:53:00) while time zone support is active.
  RuntimeWarning)
withdraw Exception 'BCC'
withdraw Exception 'HSR'
withdraw Exception 'YOYOW'
withdraw Exception 'STRAT'
withdraw Exception 'ICN'
withdraw Exception 'VEN'
withdraw Exception 'XZC'
withdraw Exception 'DGD'
withdraw Exception 'RPX'
withdraw Exception 'BCN'
withdraw Exception 'PHX'
withdraw Exception 'BSV'
withdraw Exception 'BTCB'
/home/lumen-dooh/.pyenv/versions/binance-coin-env/lib/python3.7/site-packages/django/db/models/fields/__init__.py:1427: RuntimeWarning: DateTimeField BitFinanceExchange.candle_date_time_kst received a naive datetime (2021-04-29 12:54:00) while time zone support is active.
  RuntimeWarning)
withdraw Exception 'BCC'
withdraw Exception 'HSR'
withdraw Exception 'YOYOW'
withdraw Exception 'STRAT'
withdraw Exception 'ICN'
withdraw Exception 'VEN'
withdraw Exception 'XZC'
withdraw Exception 'DGD'
withdraw Exception 'RPX'
withdraw Exception 'BCN'
withdraw Exception 'PHX'
withdraw Exception 'BSV'
withdraw Exception 'BTCB'
/home/lumen-dooh/.pyenv/versions/binance-coin-env/lib/python3.7/site-packages/django/db/models/fields/__init__.py:1427: RuntimeWarning: DateTimeField BitFinanceExchange.candle_date_time_kst received a naive datetime (2021-04-29 12:55:00) while time zone support is active.
  RuntimeWarning)
withdraw Exception 'BCC'
withdraw Exception 'HSR'
withdraw Exception 'YOYOW'
withdraw Exception 'STRAT'
withdraw Exception 'ICN'
withdraw Exception 'VEN'
withdraw Exception 'XZC'
withdraw Exception 'DGD'
withdraw Exception 'RPX'
withdraw Exception 'BCN'
withdraw Exception 'PHX'
withdraw Exception 'BSV'
withdraw Exception 'BTCB'
/home/lumen-dooh/.pyenv/versions/binance-coin-env/lib/python3.7/site-packages/django/db/models/fields/__init__.py:1427: RuntimeWarning: DateTimeField BitFinanceExchange.candle_date_time_kst received a naive datetime (2021-04-29 12:56:00) while time zone support is active.
  RuntimeWarning)
withdraw Exception 'BCC'
withdraw Exception 'HSR'
withdraw Exception 'YOYOW'
withdraw Exception 'STRAT'
withdraw Exception 'ICN'
withdraw Exception 'VEN'
withdraw Exception 'XZC'
withdraw Exception 'DGD'
withdraw Exception 'RPX'
withdraw Exception 'BCN'
withdraw Exception 'PHX'
withdraw Exception 'BSV'
withdraw Exception 'BTCB'
/home/lumen-dooh/.pyenv/versions/binance-coin-env/lib/python3.7/site-packages/django/db/models/fields/__init__.py:1427: RuntimeWarning: DateTimeField BitFinanceExchange.candle_date_time_kst received a naive datetime (2021-04-29 12:57:00) while time zone support is active.
  RuntimeWarning)
withdraw Exception 'BCC'
withdraw Exception 'HSR'
withdraw Exception 'YOYOW'
withdraw Exception 'STRAT'
withdraw Exception 'ICN'
withdraw Exception 'VEN'
withdraw Exception 'XZC'
withdraw Exception 'DGD'
withdraw Exception 'RPX'
withdraw Exception 'BCN'
withdraw Exception 'PHX'
withdraw Exception 'BSV'
withdraw Exception 'BTCB'
/home/lumen-dooh/.pyenv/versions/binance-coin-env/lib/python3.7/site-packages/django/db/models/fields/__init__.py:1427: RuntimeWarning: DateTimeField BitFinanceExchange.candle_date_time_kst received a naive datetime (2021-04-29 12:58:00) while time zone support is active.
  RuntimeWarning)
withdraw Exception 'BCC'
withdraw Exception 'HSR'
withdraw Exception 'YOYOW'
withdraw Exception 'STRAT'
withdraw Exception 'ICN'
withdraw Exception 'VEN'
withdraw Exception 'XZC'
withdraw Exception 'DGD'
withdraw Exception 'RPX'
withdraw Exception 'BCN'
withdraw Exception 'PHX'
withdraw Exception 'BSV'
withdraw Exception 'BTCB'
/home/lumen-dooh/.pyenv/versions/binance-coin-env/lib/python3.7/site-packages/django/db/models/fields/__init__.py:1427: RuntimeWarning: DateTimeField BitFinanceExchange.candle_date_time_kst received a naive datetime (2021-04-29 12:59:00) while time zone support is active.
  RuntimeWarning)
withdraw Exception 'BCC'
withdraw Exception 'HSR'
withdraw Exception 'YOYOW'
withdraw Exception 'STRAT'
withdraw Exception 'ICN'
withdraw Exception 'VEN'
withdraw Exception 'XZC'
withdraw Exception 'DGD'
withdraw Exception 'RPX'
withdraw Exception 'BCN'
withdraw Exception 'PHX'
withdraw Exception 'BSV'
withdraw Exception 'BTCB'
/home/lumen-dooh/.pyenv/versions/binance-coin-env/lib/python3.7/site-packages/django/db/models/fields/__init__.py:1427: RuntimeWarning: DateTimeField BitFinanceExchange.candle_date_time_kst received a naive datetime (2021-04-29 13:00:00) while time zone support is active.
  RuntimeWarning)
withdraw Exception 'BCC'
withdraw Exception 'HSR'
withdraw Exception 'YOYOW'
withdraw Exception 'STRAT'
withdraw Exception 'ICN'
withdraw Exception 'VEN'
withdraw Exception 'XZC'
withdraw Exception 'DGD'
withdraw Exception 'RPX'
withdraw Exception 'BCN'
withdraw Exception 'PHX'
withdraw Exception 'BSV'
withdraw Exception 'BTCB'
/home/lumen-dooh/.pyenv/versions/binance-coin-env/lib/python3.7/site-packages/django/db/models/fields/__init__.py:1427: RuntimeWarning: DateTimeField BitFinanceExchange.candle_date_time_kst received a naive datetime (2021-04-29 13:01:00) while time zone support is active.
  RuntimeWarning)
withdraw Exception 'BCC'
withdraw Exception 'HSR'
withdraw Exception 'YOYOW'
withdraw Exception 'STRAT'
withdraw Exception 'ICN'
withdraw Exception 'VEN'
withdraw Exception 'XZC'
withdraw Exception 'DGD'
withdraw Exception 'RPX'
withdraw Exception 'BCN'
withdraw Exception 'PHX'
withdraw Exception 'BSV'
withdraw Exception 'BTCB'
/home/lumen-dooh/.pyenv/versions/binance-coin-env/lib/python3.7/site-packages/django/db/models/fields/__init__.py:1427: RuntimeWarning: DateTimeField BitFinanceExchange.candle_date_time_kst received a naive datetime (2021-04-29 13:02:00) while time zone support is active.
  RuntimeWarning)
withdraw Exception 'BCC'
withdraw Exception 'HSR'
withdraw Exception 'YOYOW'
withdraw Exception 'STRAT'
withdraw Exception 'ICN'
withdraw Exception 'VEN'
withdraw Exception 'XZC'
withdraw Exception 'DGD'
withdraw Exception 'RPX'
withdraw Exception 'BCN'
withdraw Exception 'PHX'
withdraw Exception 'BSV'
withdraw Exception 'BTCB'
/home/lumen-dooh/.pyenv/versions/binance-coin-env/lib/python3.7/site-packages/django/db/models/fields/__init__.py:1427: RuntimeWarning: DateTimeField BitFinanceExchange.candle_date_time_kst received a naive datetime (2021-04-29 13:03:00) while time zone support is active.
  RuntimeWarning)
withdraw Exception 'BCC'
withdraw Exception 'HSR'
withdraw Exception 'YOYOW'
withdraw Exception 'STRAT'
withdraw Exception 'ICN'
withdraw Exception 'VEN'
withdraw Exception 'XZC'
withdraw Exception 'DGD'
withdraw Exception 'RPX'
withdraw Exception 'BCN'
withdraw Exception 'PHX'
withdraw Exception 'BSV'
withdraw Exception 'BTCB'
/home/lumen-dooh/.pyenv/versions/binance-coin-env/lib/python3.7/site-packages/django/db/models/fields/__init__.py:1427: RuntimeWarning: DateTimeField BitFinanceExchange.candle_date_time_kst received a naive datetime (2021-04-29 13:04:00) while time zone support is active.
  RuntimeWarning)
withdraw Exception 'BCC'
withdraw Exception 'HSR'
withdraw Exception 'YOYOW'
withdraw Exception 'STRAT'
withdraw Exception 'ICN'
withdraw Exception 'VEN'
withdraw Exception 'XZC'
withdraw Exception 'DGD'
withdraw Exception 'RPX'
withdraw Exception 'BCN'
withdraw Exception 'PHX'
withdraw Exception 'BSV'
withdraw Exception 'BTCB'
/home/lumen-dooh/.pyenv/versions/binance-coin-env/lib/python3.7/site-packages/django/db/models/fields/__init__.py:1427: RuntimeWarning: DateTimeField BitFinanceExchange.candle_date_time_kst received a naive datetime (2021-04-29 13:05:00) while time zone support is active.
  RuntimeWarning)
withdraw Exception 'BCC'
withdraw Exception 'HSR'
withdraw Exception 'YOYOW'
withdraw Exception 'STRAT'
withdraw Exception 'ICN'
withdraw Exception 'VEN'
withdraw Exception 'XZC'
withdraw Exception 'DGD'
withdraw Exception 'RPX'
withdraw Exception 'BCN'
withdraw Exception 'PHX'
withdraw Exception 'BSV'
withdraw Exception 'BTCB'
/home/lumen-dooh/.pyenv/versions/binance-coin-env/lib/python3.7/site-packages/django/db/models/fields/__init__.py:1427: RuntimeWarning: DateTimeField BitFinanceExchange.candle_date_time_kst received a naive datetime (2021-04-29 13:06:00) while time zone support is active.
  RuntimeWarning)
withdraw Exception 'BCC'
withdraw Exception 'HSR'
withdraw Exception 'YOYOW'
withdraw Exception 'STRAT'
withdraw Exception 'ICN'
withdraw Exception 'VEN'
withdraw Exception 'XZC'
withdraw Exception 'DGD'
withdraw Exception 'RPX'
withdraw Exception 'BCN'
withdraw Exception 'PHX'
withdraw Exception 'BSV'
withdraw Exception 'BTCB'
/home/lumen-dooh/.pyenv/versions/binance-coin-env/lib/python3.7/site-packages/django/db/models/fields/__init__.py:1427: RuntimeWarning: DateTimeField BitFinanceExchange.candle_date_time_kst received a naive datetime (2021-04-29 13:07:00) while time zone support is active.
  RuntimeWarning)
withdraw Exception 'BCC'
withdraw Exception 'HSR'
withdraw Exception 'YOYOW'
withdraw Exception 'STRAT'
withdraw Exception 'ICN'
withdraw Exception 'VEN'
withdraw Exception 'XZC'
withdraw Exception 'DGD'
withdraw Exception 'RPX'
withdraw Exception 'BCN'
withdraw Exception 'PHX'
withdraw Exception 'BSV'
withdraw Exception 'BTCB'
/home/lumen-dooh/.pyenv/versions/binance-coin-env/lib/python3.7/site-packages/django/db/models/fields/__init__.py:1427: RuntimeWarning: DateTimeField BitFinanceExchange.candle_date_time_kst received a naive datetime (2021-04-29 13:08:00) while time zone support is active.
  RuntimeWarning)
withdraw Exception 'BCC'
withdraw Exception 'HSR'
withdraw Exception 'YOYOW'
withdraw Exception 'STRAT'
withdraw Exception 'ICN'
withdraw Exception 'VEN'
withdraw Exception 'XZC'
withdraw Exception 'DGD'
withdraw Exception 'RPX'
withdraw Exception 'BCN'
withdraw Exception 'PHX'
withdraw Exception 'BSV'
withdraw Exception 'BTCB'
/home/lumen-dooh/.pyenv/versions/binance-coin-env/lib/python3.7/site-packages/django/db/models/fields/__init__.py:1427: RuntimeWarning: DateTimeField BitFinanceExchange.candle_date_time_kst received a naive datetime (2021-04-29 13:09:00) while time zone support is active.
  RuntimeWarning)
withdraw Exception 'BCC'
withdraw Exception 'HSR'
withdraw Exception 'YOYOW'
withdraw Exception 'STRAT'
withdraw Exception 'ICN'
withdraw Exception 'VEN'
withdraw Exception 'XZC'
withdraw Exception 'DGD'
withdraw Exception 'RPX'
withdraw Exception 'BCN'
withdraw Exception 'PHX'
withdraw Exception 'BSV'
withdraw Exception 'BTCB'
/home/lumen-dooh/.pyenv/versions/binance-coin-env/lib/python3.7/site-packages/django/db/models/fields/__init__.py:1427: RuntimeWarning: DateTimeField BitFinanceExchange.candle_date_time_kst received a naive datetime (2021-04-29 13:10:00) while time zone support is active.
  RuntimeWarning)
withdraw Exception 'BCC'
withdraw Exception 'HSR'
withdraw Exception 'YOYOW'
withdraw Exception 'STRAT'
withdraw Exception 'ICN'
withdraw Exception 'VEN'
withdraw Exception 'XZC'
withdraw Exception 'DGD'
withdraw Exception 'RPX'
withdraw Exception 'BCN'
withdraw Exception 'PHX'
withdraw Exception 'BSV'
withdraw Exception 'BTCB'
/home/lumen-dooh/.pyenv/versions/binance-coin-env/lib/python3.7/site-packages/django/db/models/fields/__init__.py:1427: RuntimeWarning: DateTimeField BitFinanceExchange.candle_date_time_kst received a naive datetime (2021-04-29 13:11:00) while time zone support is active.
  RuntimeWarning)
withdraw Exception 'BCC'
withdraw Exception 'HSR'
withdraw Exception 'YOYOW'
withdraw Exception 'STRAT'
withdraw Exception 'ICN'
withdraw Exception 'VEN'
withdraw Exception 'XZC'
withdraw Exception 'DGD'
withdraw Exception 'RPX'
withdraw Exception 'BCN'
withdraw Exception 'PHX'
withdraw Exception 'BSV'
withdraw Exception 'BTCB'
/home/lumen-dooh/.pyenv/versions/binance-coin-env/lib/python3.7/site-packages/django/db/models/fields/__init__.py:1427: RuntimeWarning: DateTimeField BitFinanceExchange.candle_date_time_kst received a naive datetime (2021-04-29 13:12:00) while time zone support is active.
  RuntimeWarning)
withdraw Exception 'BCC'
withdraw Exception 'HSR'
withdraw Exception 'YOYOW'
withdraw Exception 'STRAT'
withdraw Exception 'ICN'
withdraw Exception 'VEN'
withdraw Exception 'XZC'
withdraw Exception 'DGD'
withdraw Exception 'RPX'
withdraw Exception 'BCN'
withdraw Exception 'PHX'
withdraw Exception 'BSV'
withdraw Exception 'BTCB'
/home/lumen-dooh/.pyenv/versions/binance-coin-env/lib/python3.7/site-packages/django/db/models/fields/__init__.py:1427: RuntimeWarning: DateTimeField BitFinanceExchange.candle_date_time_kst received a naive datetime (2021-04-29 13:13:00) while time zone support is active.
  RuntimeWarning)
withdraw Exception 'BCC'
withdraw Exception 'HSR'
withdraw Exception 'YOYOW'
withdraw Exception 'STRAT'
withdraw Exception 'ICN'
withdraw Exception 'VEN'
withdraw Exception 'XZC'
withdraw Exception 'DGD'
withdraw Exception 'RPX'
withdraw Exception 'BCN'
withdraw Exception 'PHX'
withdraw Exception 'BSV'
withdraw Exception 'BTCB'
/home/lumen-dooh/.pyenv/versions/binance-coin-env/lib/python3.7/site-packages/django/db/models/fields/__init__.py:1427: RuntimeWarning: DateTimeField BitFinanceExchange.candle_date_time_kst received a naive datetime (2021-04-29 13:14:00) while time zone support is active.
  RuntimeWarning)
withdraw Exception 'BCC'
withdraw Exception 'HSR'
withdraw Exception 'YOYOW'
withdraw Exception 'STRAT'
withdraw Exception 'ICN'
withdraw Exception 'VEN'
withdraw Exception 'XZC'
withdraw Exception 'DGD'
withdraw Exception 'RPX'
withdraw Exception 'BCN'
withdraw Exception 'PHX'
withdraw Exception 'BSV'
withdraw Exception 'BTCB'
/home/lumen-dooh/.pyenv/versions/binance-coin-env/lib/python3.7/site-packages/django/db/models/fields/__init__.py:1427: RuntimeWarning: DateTimeField BitFinanceExchange.candle_date_time_kst received a naive datetime (2021-04-29 13:15:00) while time zone support is active.
  RuntimeWarning)
withdraw Exception 'BCC'
withdraw Exception 'HSR'
withdraw Exception 'YOYOW'
withdraw Exception 'STRAT'
withdraw Exception 'ICN'
withdraw Exception 'VEN'
withdraw Exception 'XZC'
withdraw Exception 'DGD'
withdraw Exception 'RPX'
withdraw Exception 'BCN'
withdraw Exception 'PHX'
withdraw Exception 'BSV'
withdraw Exception 'BTCB'
/home/lumen-dooh/.pyenv/versions/binance-coin-env/lib/python3.7/site-packages/django/db/models/fields/__init__.py:1427: RuntimeWarning: DateTimeField BitFinanceExchange.candle_date_time_kst received a naive datetime (2021-04-29 13:16:00) while time zone support is active.
  RuntimeWarning)
withdraw Exception 'BCC'
withdraw Exception 'HSR'
withdraw Exception 'YOYOW'
withdraw Exception 'STRAT'
withdraw Exception 'ICN'
withdraw Exception 'VEN'
withdraw Exception 'XZC'
withdraw Exception 'DGD'
withdraw Exception 'RPX'
withdraw Exception 'BCN'
withdraw Exception 'PHX'
withdraw Exception 'BSV'
withdraw Exception 'BTCB'
/home/lumen-dooh/.pyenv/versions/binance-coin-env/lib/python3.7/site-packages/django/db/models/fields/__init__.py:1427: RuntimeWarning: DateTimeField BitFinanceExchange.candle_date_time_kst received a naive datetime (2021-04-29 13:17:00) while time zone support is active.
  RuntimeWarning)
withdraw Exception 'BCC'
withdraw Exception 'HSR'
withdraw Exception 'YOYOW'
withdraw Exception 'STRAT'
withdraw Exception 'ICN'
withdraw Exception 'VEN'
withdraw Exception 'XZC'
withdraw Exception 'DGD'
withdraw Exception 'RPX'
withdraw Exception 'BCN'
withdraw Exception 'PHX'
withdraw Exception 'BSV'
withdraw Exception 'BTCB'
/home/lumen-dooh/.pyenv/versions/binance-coin-env/lib/python3.7/site-packages/django/db/models/fields/__init__.py:1427: RuntimeWarning: DateTimeField BitFinanceExchange.candle_date_time_kst received a naive datetime (2021-04-29 13:18:00) while time zone support is active.
  RuntimeWarning)
withdraw Exception 'BCC'
withdraw Exception 'HSR'
withdraw Exception 'YOYOW'
withdraw Exception 'STRAT'
withdraw Exception 'ICN'
withdraw Exception 'VEN'
withdraw Exception 'XZC'
withdraw Exception 'DGD'
withdraw Exception 'RPX'
withdraw Exception 'BCN'
withdraw Exception 'PHX'
withdraw Exception 'BSV'
withdraw Exception 'BTCB'
/home/lumen-dooh/.pyenv/versions/binance-coin-env/lib/python3.7/site-packages/django/db/models/fields/__init__.py:1427: RuntimeWarning: DateTimeField BitFinanceExchange.candle_date_time_kst received a naive datetime (2021-04-29 13:19:00) while time zone support is active.
  RuntimeWarning)
withdraw Exception 'BCC'
withdraw Exception 'HSR'
withdraw Exception 'YOYOW'
withdraw Exception 'STRAT'
withdraw Exception 'ICN'
withdraw Exception 'VEN'
withdraw Exception 'XZC'
withdraw Exception 'DGD'
withdraw Exception 'RPX'
withdraw Exception 'BCN'
withdraw Exception 'PHX'
withdraw Exception 'BSV'
withdraw Exception 'BTCB'
/home/lumen-dooh/.pyenv/versions/binance-coin-env/lib/python3.7/site-packages/django/db/models/fields/__init__.py:1427: RuntimeWarning: DateTimeField BitFinanceExchange.candle_date_time_kst received a naive datetime (2021-04-29 13:20:00) while time zone support is active.
  RuntimeWarning)
withdraw Exception 'BCC'
withdraw Exception 'HSR'
withdraw Exception 'YOYOW'
withdraw Exception 'STRAT'
withdraw Exception 'ICN'
withdraw Exception 'VEN'
withdraw Exception 'XZC'
withdraw Exception 'DGD'
withdraw Exception 'RPX'
withdraw Exception 'BCN'
withdraw Exception 'PHX'
withdraw Exception 'BSV'
withdraw Exception 'BTCB'
/home/lumen-dooh/.pyenv/versions/binance-coin-env/lib/python3.7/site-packages/django/db/models/fields/__init__.py:1427: RuntimeWarning: DateTimeField BitFinanceExchange.candle_date_time_kst received a naive datetime (2021-04-29 13:21:00) while time zone support is active.
  RuntimeWarning)
withdraw Exception 'BCC'
withdraw Exception 'HSR'
withdraw Exception 'YOYOW'
withdraw Exception 'STRAT'
withdraw Exception 'ICN'
withdraw Exception 'VEN'
withdraw Exception 'XZC'
withdraw Exception 'DGD'
withdraw Exception 'RPX'
withdraw Exception 'BCN'
withdraw Exception 'PHX'
withdraw Exception 'BSV'
withdraw Exception 'BTCB'
/home/lumen-dooh/.pyenv/versions/binance-coin-env/lib/python3.7/site-packages/django/db/models/fields/__init__.py:1427: RuntimeWarning: DateTimeField BitFinanceExchange.candle_date_time_kst received a naive datetime (2021-04-29 13:22:00) while time zone support is active.
  RuntimeWarning)
withdraw Exception 'BCC'
withdraw Exception 'HSR'
withdraw Exception 'YOYOW'
withdraw Exception 'STRAT'
withdraw Exception 'ICN'
withdraw Exception 'VEN'
withdraw Exception 'XZC'
withdraw Exception 'DGD'
withdraw Exception 'RPX'
withdraw Exception 'BCN'
withdraw Exception 'PHX'
withdraw Exception 'BSV'
withdraw Exception 'BTCB'
/home/lumen-dooh/.pyenv/versions/binance-coin-env/lib/python3.7/site-packages/django/db/models/fields/__init__.py:1427: RuntimeWarning: DateTimeField BitFinanceExchange.candle_date_time_kst received a naive datetime (2021-04-29 13:23:00) while time zone support is active.
  RuntimeWarning)
withdraw Exception 'BCC'
withdraw Exception 'HSR'
withdraw Exception 'YOYOW'
withdraw Exception 'STRAT'
withdraw Exception 'ICN'
withdraw Exception 'VEN'
withdraw Exception 'XZC'
withdraw Exception 'DGD'
withdraw Exception 'RPX'
withdraw Exception 'BCN'
withdraw Exception 'PHX'
withdraw Exception 'BSV'
withdraw Exception 'BTCB'
/home/lumen-dooh/.pyenv/versions/binance-coin-env/lib/python3.7/site-packages/django/db/models/fields/__init__.py:1427: RuntimeWarning: DateTimeField BitFinanceExchange.candle_date_time_kst received a naive datetime (2021-04-29 13:24:00) while time zone support is active.
  RuntimeWarning)
withdraw Exception 'BCC'
withdraw Exception 'HSR'
withdraw Exception 'YOYOW'
withdraw Exception 'STRAT'
withdraw Exception 'ICN'
withdraw Exception 'VEN'
withdraw Exception 'XZC'
withdraw Exception 'DGD'
withdraw Exception 'RPX'
withdraw Exception 'BCN'
withdraw Exception 'PHX'
withdraw Exception 'BSV'
withdraw Exception 'BTCB'
/home/lumen-dooh/.pyenv/versions/binance-coin-env/lib/python3.7/site-packages/django/db/models/fields/__init__.py:1427: RuntimeWarning: DateTimeField BitFinanceExchange.candle_date_time_kst received a naive datetime (2021-04-29 13:25:00) while time zone support is active.
  RuntimeWarning)
withdraw Exception 'BCC'
withdraw Exception 'HSR'
withdraw Exception 'YOYOW'
withdraw Exception 'STRAT'
withdraw Exception 'ICN'
withdraw Exception 'VEN'
withdraw Exception 'XZC'
withdraw Exception 'DGD'
withdraw Exception 'RPX'
withdraw Exception 'BCN'
withdraw Exception 'PHX'
withdraw Exception 'BSV'
withdraw Exception 'BTCB'
/home/lumen-dooh/.pyenv/versions/binance-coin-env/lib/python3.7/site-packages/django/db/models/fields/__init__.py:1427: RuntimeWarning: DateTimeField BitFinanceExchange.candle_date_time_kst received a naive datetime (2021-04-29 13:26:00) while time zone support is active.
  RuntimeWarning)
withdraw Exception 'BCC'
withdraw Exception 'HSR'
withdraw Exception 'YOYOW'
withdraw Exception 'STRAT'
withdraw Exception 'ICN'
withdraw Exception 'VEN'
withdraw Exception 'XZC'
withdraw Exception 'DGD'
withdraw Exception 'RPX'
withdraw Exception 'BCN'
withdraw Exception 'PHX'
withdraw Exception 'BSV'
withdraw Exception 'BTCB'
/home/lumen-dooh/.pyenv/versions/binance-coin-env/lib/python3.7/site-packages/django/db/models/fields/__init__.py:1427: RuntimeWarning: DateTimeField BitFinanceExchange.candle_date_time_kst received a naive datetime (2021-04-29 13:27:00) while time zone support is active.
  RuntimeWarning)
withdraw Exception 'BCC'
withdraw Exception 'HSR'
withdraw Exception 'YOYOW'
withdraw Exception 'STRAT'
withdraw Exception 'ICN'
withdraw Exception 'VEN'
withdraw Exception 'XZC'
withdraw Exception 'DGD'
withdraw Exception 'RPX'
withdraw Exception 'BCN'
withdraw Exception 'PHX'
withdraw Exception 'BSV'
withdraw Exception 'BTCB'
/home/lumen-dooh/.pyenv/versions/binance-coin-env/lib/python3.7/site-packages/django/db/models/fields/__init__.py:1427: RuntimeWarning: DateTimeField BitFinanceExchange.candle_date_time_kst received a naive datetime (2021-04-29 13:28:00) while time zone support is active.
  RuntimeWarning)
withdraw Exception 'BCC'
withdraw Exception 'HSR'
withdraw Exception 'YOYOW'
withdraw Exception 'STRAT'
withdraw Exception 'ICN'
withdraw Exception 'VEN'
withdraw Exception 'XZC'
withdraw Exception 'DGD'
withdraw Exception 'RPX'
withdraw Exception 'BCN'
withdraw Exception 'PHX'
withdraw Exception 'BSV'
withdraw Exception 'BTCB'
/home/lumen-dooh/.pyenv/versions/binance-coin-env/lib/python3.7/site-packages/django/db/models/fields/__init__.py:1427: RuntimeWarning: DateTimeField BitFinanceExchange.candle_date_time_kst received a naive datetime (2021-04-29 13:29:00) while time zone support is active.
  RuntimeWarning)
withdraw Exception 'BCC'
withdraw Exception 'HSR'
withdraw Exception 'YOYOW'
withdraw Exception 'STRAT'
withdraw Exception 'ICN'
withdraw Exception 'VEN'
withdraw Exception 'XZC'
withdraw Exception 'DGD'
withdraw Exception 'RPX'
withdraw Exception 'BCN'
withdraw Exception 'PHX'
withdraw Exception 'BSV'
withdraw Exception 'BTCB'
/home/lumen-dooh/.pyenv/versions/binance-coin-env/lib/python3.7/site-packages/django/db/models/fields/__init__.py:1427: RuntimeWarning: DateTimeField BitFinanceExchange.candle_date_time_kst received a naive datetime (2021-04-29 13:30:00) while time zone support is active.
  RuntimeWarning)
withdraw Exception 'BCC'
withdraw Exception 'HSR'
withdraw Exception 'YOYOW'
withdraw Exception 'STRAT'
withdraw Exception 'ICN'
withdraw Exception 'VEN'
withdraw Exception 'XZC'
withdraw Exception 'DGD'
withdraw Exception 'RPX'
withdraw Exception 'BCN'
withdraw Exception 'PHX'
withdraw Exception 'BSV'
withdraw Exception 'BTCB'
/home/lumen-dooh/.pyenv/versions/binance-coin-env/lib/python3.7/site-packages/django/db/models/fields/__init__.py:1427: RuntimeWarning: DateTimeField BitFinanceExchange.candle_date_time_kst received a naive datetime (2021-04-29 13:31:00) while time zone support is active.
  RuntimeWarning)
withdraw Exception 'BCC'
withdraw Exception 'HSR'
withdraw Exception 'YOYOW'
withdraw Exception 'STRAT'
withdraw Exception 'ICN'
withdraw Exception 'VEN'
withdraw Exception 'XZC'
withdraw Exception 'DGD'
withdraw Exception 'RPX'
withdraw Exception 'BCN'
withdraw Exception 'PHX'
withdraw Exception 'BSV'
withdraw Exception 'BTCB'
/home/lumen-dooh/.pyenv/versions/binance-coin-env/lib/python3.7/site-packages/django/db/models/fields/__init__.py:1427: RuntimeWarning: DateTimeField BitFinanceExchange.candle_date_time_kst received a naive datetime (2021-04-29 13:32:00) while time zone support is active.
  RuntimeWarning)
withdraw Exception 'BCC'
withdraw Exception 'HSR'
withdraw Exception 'YOYOW'
withdraw Exception 'STRAT'
withdraw Exception 'ICN'
withdraw Exception 'VEN'
withdraw Exception 'XZC'
withdraw Exception 'DGD'
withdraw Exception 'RPX'
withdraw Exception 'BCN'
withdraw Exception 'PHX'
withdraw Exception 'BSV'
withdraw Exception 'BTCB'
/home/lumen-dooh/.pyenv/versions/binance-coin-env/lib/python3.7/site-packages/django/db/models/fields/__init__.py:1427: RuntimeWarning: DateTimeField BitFinanceExchange.candle_date_time_kst received a naive datetime (2021-04-29 13:33:00) while time zone support is active.
  RuntimeWarning)
withdraw Exception 'BCC'
withdraw Exception 'HSR'
withdraw Exception 'YOYOW'
withdraw Exception 'STRAT'
withdraw Exception 'ICN'
withdraw Exception 'VEN'
withdraw Exception 'XZC'
withdraw Exception 'DGD'
withdraw Exception 'RPX'
withdraw Exception 'BCN'
withdraw Exception 'PHX'
withdraw Exception 'BSV'
withdraw Exception 'BTCB'
/home/lumen-dooh/.pyenv/versions/binance-coin-env/lib/python3.7/site-packages/django/db/models/fields/__init__.py:1427: RuntimeWarning: DateTimeField BitFinanceExchange.candle_date_time_kst received a naive datetime (2021-04-29 13:34:00) while time zone support is active.
  RuntimeWarning)
withdraw Exception 'BCC'
withdraw Exception 'HSR'
withdraw Exception 'YOYOW'
withdraw Exception 'STRAT'
withdraw Exception 'ICN'
withdraw Exception 'VEN'
withdraw Exception 'XZC'
withdraw Exception 'DGD'
withdraw Exception 'RPX'
withdraw Exception 'BCN'
withdraw Exception 'PHX'
withdraw Exception 'BSV'
withdraw Exception 'BTCB'
/home/lumen-dooh/.pyenv/versions/binance-coin-env/lib/python3.7/site-packages/django/db/models/fields/__init__.py:1427: RuntimeWarning: DateTimeField BitFinanceExchange.candle_date_time_kst received a naive datetime (2021-04-29 13:35:00) while time zone support is active.
  RuntimeWarning)
withdraw Exception 'BCC'
withdraw Exception 'HSR'
withdraw Exception 'YOYOW'
withdraw Exception 'STRAT'
withdraw Exception 'ICN'
withdraw Exception 'VEN'
withdraw Exception 'XZC'
withdraw Exception 'DGD'
withdraw Exception 'RPX'
withdraw Exception 'BCN'
withdraw Exception 'PHX'
withdraw Exception 'BSV'
withdraw Exception 'BTCB'
/home/lumen-dooh/.pyenv/versions/binance-coin-env/lib/python3.7/site-packages/django/db/models/fields/__init__.py:1427: RuntimeWarning: DateTimeField BitFinanceExchange.candle_date_time_kst received a naive datetime (2021-04-29 13:36:00) while time zone support is active.
  RuntimeWarning)
withdraw Exception 'BCC'
withdraw Exception 'HSR'
withdraw Exception 'YOYOW'
withdraw Exception 'STRAT'
withdraw Exception 'ICN'
withdraw Exception 'VEN'
withdraw Exception 'XZC'
withdraw Exception 'DGD'
withdraw Exception 'RPX'
withdraw Exception 'BCN'
withdraw Exception 'PHX'
withdraw Exception 'BSV'
withdraw Exception 'BTCB'
/home/lumen-dooh/.pyenv/versions/binance-coin-env/lib/python3.7/site-packages/django/db/models/fields/__init__.py:1427: RuntimeWarning: DateTimeField BitFinanceExchange.candle_date_time_kst received a naive datetime (2021-04-29 13:37:00) while time zone support is active.
  RuntimeWarning)
withdraw Exception 'BCC'
withdraw Exception 'HSR'
withdraw Exception 'YOYOW'
withdraw Exception 'STRAT'
withdraw Exception 'ICN'
withdraw Exception 'VEN'
withdraw Exception 'XZC'
withdraw Exception 'DGD'
withdraw Exception 'RPX'
withdraw Exception 'BCN'
withdraw Exception 'PHX'
withdraw Exception 'BSV'
withdraw Exception 'BTCB'
/home/lumen-dooh/.pyenv/versions/binance-coin-env/lib/python3.7/site-packages/django/db/models/fields/__init__.py:1427: RuntimeWarning: DateTimeField BitFinanceExchange.candle_date_time_kst received a naive datetime (2021-04-29 13:38:00) while time zone support is active.
  RuntimeWarning)
withdraw Exception 'BCC'
withdraw Exception 'HSR'
withdraw Exception 'YOYOW'
withdraw Exception 'STRAT'
withdraw Exception 'ICN'
withdraw Exception 'VEN'
withdraw Exception 'XZC'
withdraw Exception 'DGD'
withdraw Exception 'RPX'
withdraw Exception 'BCN'
withdraw Exception 'PHX'
withdraw Exception 'BSV'
withdraw Exception 'BTCB'
/home/lumen-dooh/.pyenv/versions/binance-coin-env/lib/python3.7/site-packages/django/db/models/fields/__init__.py:1427: RuntimeWarning: DateTimeField BitFinanceExchange.candle_date_time_kst received a naive datetime (2021-04-29 13:39:00) while time zone support is active.
  RuntimeWarning)
withdraw Exception 'BCC'
withdraw Exception 'HSR'
withdraw Exception 'YOYOW'
withdraw Exception 'STRAT'
withdraw Exception 'ICN'
withdraw Exception 'VEN'
withdraw Exception 'XZC'
withdraw Exception 'DGD'
withdraw Exception 'RPX'
withdraw Exception 'BCN'
withdraw Exception 'PHX'
withdraw Exception 'BSV'
withdraw Exception 'BTCB'
/home/lumen-dooh/.pyenv/versions/binance-coin-env/lib/python3.7/site-packages/django/db/models/fields/__init__.py:1427: RuntimeWarning: DateTimeField BitFinanceExchange.candle_date_time_kst received a naive datetime (2021-04-29 13:40:00) while time zone support is active.
  RuntimeWarning)
withdraw Exception 'BCC'
withdraw Exception 'HSR'
withdraw Exception 'YOYOW'
withdraw Exception 'STRAT'
withdraw Exception 'ICN'
withdraw Exception 'VEN'
withdraw Exception 'XZC'
withdraw Exception 'DGD'
withdraw Exception 'RPX'
withdraw Exception 'BCN'
withdraw Exception 'PHX'
withdraw Exception 'BSV'
withdraw Exception 'BTCB'
/home/lumen-dooh/.pyenv/versions/binance-coin-env/lib/python3.7/site-packages/django/db/models/fields/__init__.py:1427: RuntimeWarning: DateTimeField BitFinanceExchange.candle_date_time_kst received a naive datetime (2021-04-29 13:41:00) while time zone support is active.
  RuntimeWarning)
withdraw Exception 'BCC'
withdraw Exception 'HSR'
withdraw Exception 'YOYOW'
withdraw Exception 'STRAT'
withdraw Exception 'ICN'
withdraw Exception 'VEN'
withdraw Exception 'XZC'
withdraw Exception 'DGD'
withdraw Exception 'RPX'
withdraw Exception 'BCN'
withdraw Exception 'PHX'
withdraw Exception 'BSV'
withdraw Exception 'BTCB'
/home/lumen-dooh/.pyenv/versions/binance-coin-env/lib/python3.7/site-packages/django/db/models/fields/__init__.py:1427: RuntimeWarning: DateTimeField BitFinanceExchange.candle_date_time_kst received a naive datetime (2021-04-29 13:42:00) while time zone support is active.
  RuntimeWarning)
withdraw Exception 'BCC'
withdraw Exception 'HSR'
withdraw Exception 'YOYOW'
withdraw Exception 'STRAT'
withdraw Exception 'ICN'
withdraw Exception 'VEN'
withdraw Exception 'XZC'
withdraw Exception 'DGD'
withdraw Exception 'RPX'
withdraw Exception 'BCN'
withdraw Exception 'PHX'
withdraw Exception 'BSV'
withdraw Exception 'BTCB'
Failed to complete cronjob at ('* * * * *', 'cron.search_binance', '>>/home/lumen-dooh/workspace/python/data-science/binanace-coin/app/log/binance_log.txt')
Traceback (most recent call last):
  File "/home/lumen-dooh/.pyenv/versions/binance-coin-env/lib/python3.7/site-packages/urllib3/connection.py", line 141, in _new_conn
    (self.host, self.port), self.timeout, **extra_kw)
  File "/home/lumen-dooh/.pyenv/versions/binance-coin-env/lib/python3.7/site-packages/urllib3/util/connection.py", line 60, in create_connection
    for res in socket.getaddrinfo(host, port, family, socket.SOCK_STREAM):
  File "/home/lumen-dooh/.pyenv/versions/3.7.8/lib/python3.7/socket.py", line 752, in getaddrinfo
    for res in _socket.getaddrinfo(host, port, family, type, proto, flags):
socket.gaierror: [Errno -3] Temporary failure in name resolution

During handling of the above exception, another exception occurred:

Traceback (most recent call last):
  File "/home/lumen-dooh/.pyenv/versions/binance-coin-env/lib/python3.7/site-packages/urllib3/connectionpool.py", line 601, in urlopen
    chunked=chunked)
  File "/home/lumen-dooh/.pyenv/versions/binance-coin-env/lib/python3.7/site-packages/urllib3/connectionpool.py", line 346, in _make_request
    self._validate_conn(conn)
  File "/home/lumen-dooh/.pyenv/versions/binance-coin-env/lib/python3.7/site-packages/urllib3/connectionpool.py", line 850, in _validate_conn
    conn.connect()
  File "/home/lumen-dooh/.pyenv/versions/binance-coin-env/lib/python3.7/site-packages/urllib3/connection.py", line 284, in connect
    conn = self._new_conn()
  File "/home/lumen-dooh/.pyenv/versions/binance-coin-env/lib/python3.7/site-packages/urllib3/connection.py", line 150, in _new_conn
    self, "Failed to establish a new connection: %s" % e)
urllib3.exceptions.NewConnectionError: <urllib3.connection.VerifiedHTTPSConnection object at 0x7fc533dd53d0>: Failed to establish a new connection: [Errno -3] Temporary failure in name resolution

During handling of the above exception, another exception occurred:

Traceback (most recent call last):
  File "/home/lumen-dooh/.pyenv/versions/binance-coin-env/lib/python3.7/site-packages/requests/adapters.py", line 449, in send
    timeout=timeout
  File "/home/lumen-dooh/.pyenv/versions/binance-coin-env/lib/python3.7/site-packages/urllib3/connectionpool.py", line 639, in urlopen
    _stacktrace=sys.exc_info()[2])
  File "/home/lumen-dooh/.pyenv/versions/binance-coin-env/lib/python3.7/site-packages/urllib3/util/retry.py", line 388, in increment
    raise MaxRetryError(_pool, url, error or ResponseError(cause))
urllib3.exceptions.MaxRetryError: HTTPSConnectionPool(host='api.binance.com', port=443): Max retries exceeded with url: /api/v3/exchangeInfo (Caused by NewConnectionError('<urllib3.connection.VerifiedHTTPSConnection object at 0x7fc533dd53d0>: Failed to establish a new connection: [Errno -3] Temporary failure in name resolution'))

During handling of the above exception, another exception occurred:

Traceback (most recent call last):
  File "/home/lumen-dooh/.pyenv/versions/binance-coin-env/lib/python3.7/site-packages/ccxt/base/exchange.py", line 583, in fetch
    verify=self.verify
  File "/home/lumen-dooh/.pyenv/versions/binance-coin-env/lib/python3.7/site-packages/requests/sessions.py", line 542, in request
    resp = self.send(prep, **send_kwargs)
  File "/home/lumen-dooh/.pyenv/versions/binance-coin-env/lib/python3.7/site-packages/requests/sessions.py", line 655, in send
    r = adapter.send(request, **kwargs)
  File "/home/lumen-dooh/.pyenv/versions/binance-coin-env/lib/python3.7/site-packages/requests/adapters.py", line 516, in send
    raise ConnectionError(e, request=request)
requests.exceptions.ConnectionError: HTTPSConnectionPool(host='api.binance.com', port=443): Max retries exceeded with url: /api/v3/exchangeInfo (Caused by NewConnectionError('<urllib3.connection.VerifiedHTTPSConnection object at 0x7fc533dd53d0>: Failed to establish a new connection: [Errno -3] Temporary failure in name resolution'))

The above exception was the direct cause of the following exception:

Traceback (most recent call last):
  File "/home/lumen-dooh/.pyenv/versions/binance-coin-env/lib/python3.7/site-packages/django_crontab/crontab.py", line 145, in run_job
    func(*job_args, **job_kwargs)
  File "/home/lumen-dooh/workspace/python/data-science/binanace-coin/app/cron.py", line 20, in search_binance
    markets = binance.fetch_tickers()
  File "/home/lumen-dooh/.pyenv/versions/binance-coin-env/lib/python3.7/site-packages/ccxt/binance.py", line 1366, in fetch_tickers
    self.load_markets()
  File "/home/lumen-dooh/.pyenv/versions/binance-coin-env/lib/python3.7/site-packages/ccxt/base/exchange.py", line 1374, in load_markets
    markets = self.fetch_markets(params)
  File "/home/lumen-dooh/.pyenv/versions/binance-coin-env/lib/python3.7/site-packages/ccxt/binance.py", line 823, in fetch_markets
    response = getattr(self, method)(query)
  File "/home/lumen-dooh/.pyenv/versions/binance-coin-env/lib/python3.7/site-packages/ccxt/base/exchange.py", line 470, in inner
    return entry(_self, **inner_kwargs)
  File "/home/lumen-dooh/.pyenv/versions/binance-coin-env/lib/python3.7/site-packages/ccxt/binance.py", line 2907, in request
    response = self.fetch2(path, api, method, params, headers, body)
  File "/home/lumen-dooh/.pyenv/versions/binance-coin-env/lib/python3.7/site-packages/ccxt/base/exchange.py", line 491, in fetch2
    return self.fetch(request['url'], request['method'], request['headers'], request['body'])
  File "/home/lumen-dooh/.pyenv/versions/binance-coin-env/lib/python3.7/site-packages/ccxt/base/exchange.py", line 628, in fetch
    raise NetworkError(details) from e
ccxt.base.errors.NetworkError: binance GET https://api.binance.com/api/v3/exchangeInfo
/home/lumen-dooh/.pyenv/versions/binance-coin-env/lib/python3.7/site-packages/django/db/models/fields/__init__.py:1427: RuntimeWarning: DateTimeField BitFinanceExchange.candle_date_time_kst received a naive datetime (2021-04-29 13:51:00) while time zone support is active.
  RuntimeWarning)
withdraw Exception 'BCC'
withdraw Exception 'HSR'
withdraw Exception 'YOYOW'
withdraw Exception 'STRAT'
withdraw Exception 'ICN'
withdraw Exception 'VEN'
withdraw Exception 'XZC'
withdraw Exception 'DGD'
withdraw Exception 'RPX'
withdraw Exception 'BCN'
withdraw Exception 'PHX'
withdraw Exception 'BSV'
withdraw Exception 'BTCB'
/home/lumen-dooh/.pyenv/versions/binance-coin-env/lib/python3.7/site-packages/django/db/models/fields/__init__.py:1427: RuntimeWarning: DateTimeField BitFinanceExchange.candle_date_time_kst received a naive datetime (2021-04-29 13:52:00) while time zone support is active.
  RuntimeWarning)
withdraw Exception 'BCC'
withdraw Exception 'HSR'
withdraw Exception 'YOYOW'
withdraw Exception 'STRAT'
withdraw Exception 'ICN'
withdraw Exception 'VEN'
withdraw Exception 'XZC'
withdraw Exception 'DGD'
withdraw Exception 'RPX'
withdraw Exception 'BCN'
withdraw Exception 'PHX'
withdraw Exception 'BSV'
withdraw Exception 'BTCB'
/home/lumen-dooh/.pyenv/versions/binance-coin-env/lib/python3.7/site-packages/django/db/models/fields/__init__.py:1427: RuntimeWarning: DateTimeField BitFinanceExchange.candle_date_time_kst received a naive datetime (2021-04-29 13:53:00) while time zone support is active.
  RuntimeWarning)
withdraw Exception 'BCC'
withdraw Exception 'HSR'
withdraw Exception 'YOYOW'
withdraw Exception 'STRAT'
withdraw Exception 'ICN'
withdraw Exception 'VEN'
withdraw Exception 'XZC'
withdraw Exception 'DGD'
withdraw Exception 'RPX'
withdraw Exception 'BCN'
withdraw Exception 'PHX'
withdraw Exception 'BSV'
withdraw Exception 'BTCB'
/home/lumen-dooh/.pyenv/versions/binance-coin-env/lib/python3.7/site-packages/django/db/models/fields/__init__.py:1427: RuntimeWarning: DateTimeField BitFinanceExchange.candle_date_time_kst received a naive datetime (2021-04-29 13:54:00) while time zone support is active.
  RuntimeWarning)
withdraw Exception 'BCC'
withdraw Exception 'HSR'
withdraw Exception 'YOYOW'
withdraw Exception 'STRAT'
withdraw Exception 'ICN'
withdraw Exception 'VEN'
withdraw Exception 'XZC'
withdraw Exception 'DGD'
withdraw Exception 'RPX'
withdraw Exception 'BCN'
withdraw Exception 'PHX'
withdraw Exception 'BSV'
withdraw Exception 'BTCB'
/home/lumen-dooh/.pyenv/versions/binance-coin-env/lib/python3.7/site-packages/django/db/models/fields/__init__.py:1427: RuntimeWarning: DateTimeField BitFinanceExchange.candle_date_time_kst received a naive datetime (2021-04-29 13:55:00) while time zone support is active.
  RuntimeWarning)
withdraw Exception 'BCC'
withdraw Exception 'HSR'
withdraw Exception 'YOYOW'
withdraw Exception 'STRAT'
withdraw Exception 'ICN'
withdraw Exception 'VEN'
withdraw Exception 'XZC'
withdraw Exception 'DGD'
withdraw Exception 'RPX'
withdraw Exception 'BCN'
withdraw Exception 'PHX'
withdraw Exception 'BSV'
withdraw Exception 'BTCB'
/home/lumen-dooh/.pyenv/versions/binance-coin-env/lib/python3.7/site-packages/django/db/models/fields/__init__.py:1427: RuntimeWarning: DateTimeField BitFinanceExchange.candle_date_time_kst received a naive datetime (2021-04-29 13:56:00) while time zone support is active.
  RuntimeWarning)
withdraw Exception 'BCC'
withdraw Exception 'HSR'
withdraw Exception 'YOYOW'
withdraw Exception 'STRAT'
withdraw Exception 'ICN'
withdraw Exception 'VEN'
withdraw Exception 'XZC'
withdraw Exception 'DGD'
withdraw Exception 'RPX'
withdraw Exception 'BCN'
withdraw Exception 'PHX'
withdraw Exception 'BSV'
withdraw Exception 'BTCB'
/home/lumen-dooh/.pyenv/versions/binance-coin-env/lib/python3.7/site-packages/django/db/models/fields/__init__.py:1427: RuntimeWarning: DateTimeField BitFinanceExchange.candle_date_time_kst received a naive datetime (2021-04-29 13:57:00) while time zone support is active.
  RuntimeWarning)
withdraw Exception 'BCC'
withdraw Exception 'HSR'
withdraw Exception 'YOYOW'
withdraw Exception 'STRAT'
withdraw Exception 'ICN'
withdraw Exception 'VEN'
withdraw Exception 'XZC'
withdraw Exception 'DGD'
withdraw Exception 'RPX'
withdraw Exception 'BCN'
withdraw Exception 'PHX'
withdraw Exception 'BSV'
withdraw Exception 'BTCB'
/home/lumen-dooh/.pyenv/versions/binance-coin-env/lib/python3.7/site-packages/django/db/models/fields/__init__.py:1427: RuntimeWarning: DateTimeField BitFinanceExchange.candle_date_time_kst received a naive datetime (2021-04-29 13:58:00) while time zone support is active.
  RuntimeWarning)
withdraw Exception 'BCC'
withdraw Exception 'HSR'
withdraw Exception 'YOYOW'
withdraw Exception 'STRAT'
withdraw Exception 'ICN'
withdraw Exception 'VEN'
withdraw Exception 'XZC'
withdraw Exception 'DGD'
withdraw Exception 'RPX'
withdraw Exception 'BCN'
withdraw Exception 'PHX'
withdraw Exception 'BSV'
withdraw Exception 'BTCB'
/home/lumen-dooh/.pyenv/versions/binance-coin-env/lib/python3.7/site-packages/django/db/models/fields/__init__.py:1427: RuntimeWarning: DateTimeField BitFinanceExchange.candle_date_time_kst received a naive datetime (2021-04-29 13:59:00) while time zone support is active.
  RuntimeWarning)
withdraw Exception 'BCC'
withdraw Exception 'HSR'
withdraw Exception 'YOYOW'
withdraw Exception 'STRAT'
withdraw Exception 'ICN'
withdraw Exception 'VEN'
withdraw Exception 'XZC'
withdraw Exception 'DGD'
withdraw Exception 'RPX'
withdraw Exception 'BCN'
withdraw Exception 'PHX'
withdraw Exception 'BSV'
withdraw Exception 'BTCB'
/home/lumen-dooh/.pyenv/versions/binance-coin-env/lib/python3.7/site-packages/django/db/models/fields/__init__.py:1427: RuntimeWarning: DateTimeField BitFinanceExchange.candle_date_time_kst received a naive datetime (2021-04-29 14:00:00) while time zone support is active.
  RuntimeWarning)
withdraw Exception 'BCC'
withdraw Exception 'HSR'
withdraw Exception 'YOYOW'
withdraw Exception 'STRAT'
withdraw Exception 'ICN'
withdraw Exception 'VEN'
withdraw Exception 'XZC'
withdraw Exception 'DGD'
withdraw Exception 'RPX'
withdraw Exception 'BCN'
withdraw Exception 'PHX'
withdraw Exception 'BSV'
withdraw Exception 'BTCB'
/home/lumen-dooh/.pyenv/versions/binance-coin-env/lib/python3.7/site-packages/django/db/models/fields/__init__.py:1427: RuntimeWarning: DateTimeField BitFinanceExchange.candle_date_time_kst received a naive datetime (2021-04-29 14:01:00) while time zone support is active.
  RuntimeWarning)
withdraw Exception 'BCC'
withdraw Exception 'HSR'
withdraw Exception 'YOYOW'
withdraw Exception 'STRAT'
withdraw Exception 'ICN'
withdraw Exception 'VEN'
withdraw Exception 'XZC'
withdraw Exception 'DGD'
withdraw Exception 'RPX'
withdraw Exception 'BCN'
withdraw Exception 'PHX'
withdraw Exception 'BSV'
withdraw Exception 'BTCB'
/home/lumen-dooh/.pyenv/versions/binance-coin-env/lib/python3.7/site-packages/django/db/models/fields/__init__.py:1427: RuntimeWarning: DateTimeField BitFinanceExchange.candle_date_time_kst received a naive datetime (2021-04-29 14:02:00) while time zone support is active.
  RuntimeWarning)
withdraw Exception 'BCC'
withdraw Exception 'HSR'
withdraw Exception 'YOYOW'
withdraw Exception 'STRAT'
withdraw Exception 'ICN'
withdraw Exception 'VEN'
withdraw Exception 'XZC'
withdraw Exception 'DGD'
withdraw Exception 'RPX'
withdraw Exception 'BCN'
withdraw Exception 'PHX'
withdraw Exception 'BSV'
withdraw Exception 'BTCB'
/home/lumen-dooh/.pyenv/versions/binance-coin-env/lib/python3.7/site-packages/django/db/models/fields/__init__.py:1427: RuntimeWarning: DateTimeField BitFinanceExchange.candle_date_time_kst received a naive datetime (2021-04-29 14:03:00) while time zone support is active.
  RuntimeWarning)
withdraw Exception 'BCC'
withdraw Exception 'HSR'
withdraw Exception 'YOYOW'
withdraw Exception 'STRAT'
withdraw Exception 'ICN'
withdraw Exception 'VEN'
withdraw Exception 'XZC'
withdraw Exception 'DGD'
withdraw Exception 'RPX'
withdraw Exception 'BCN'
withdraw Exception 'PHX'
withdraw Exception 'BSV'
withdraw Exception 'BTCB'
/home/lumen-dooh/.pyenv/versions/binance-coin-env/lib/python3.7/site-packages/django/db/models/fields/__init__.py:1427: RuntimeWarning: DateTimeField BitFinanceExchange.candle_date_time_kst received a naive datetime (2021-04-29 14:04:00) while time zone support is active.
  RuntimeWarning)
withdraw Exception 'BCC'
withdraw Exception 'HSR'
withdraw Exception 'YOYOW'
withdraw Exception 'STRAT'
withdraw Exception 'ICN'
withdraw Exception 'VEN'
withdraw Exception 'XZC'
withdraw Exception 'DGD'
withdraw Exception 'RPX'
withdraw Exception 'BCN'
withdraw Exception 'PHX'
withdraw Exception 'BSV'
withdraw Exception 'BTCB'
/home/lumen-dooh/.pyenv/versions/binance-coin-env/lib/python3.7/site-packages/django/db/models/fields/__init__.py:1427: RuntimeWarning: DateTimeField BitFinanceExchange.candle_date_time_kst received a naive datetime (2021-04-29 14:05:00) while time zone support is active.
  RuntimeWarning)
withdraw Exception 'BCC'
withdraw Exception 'HSR'
withdraw Exception 'YOYOW'
withdraw Exception 'STRAT'
withdraw Exception 'ICN'
withdraw Exception 'VEN'
withdraw Exception 'XZC'
withdraw Exception 'DGD'
withdraw Exception 'RPX'
withdraw Exception 'BCN'
withdraw Exception 'PHX'
withdraw Exception 'BSV'
withdraw Exception 'BTCB'
/home/lumen-dooh/.pyenv/versions/binance-coin-env/lib/python3.7/site-packages/django/db/models/fields/__init__.py:1427: RuntimeWarning: DateTimeField BitFinanceExchange.candle_date_time_kst received a naive datetime (2021-04-29 14:06:00) while time zone support is active.
  RuntimeWarning)
withdraw Exception 'BCC'
withdraw Exception 'HSR'
withdraw Exception 'YOYOW'
withdraw Exception 'STRAT'
withdraw Exception 'ICN'
withdraw Exception 'VEN'
withdraw Exception 'XZC'
withdraw Exception 'DGD'
withdraw Exception 'RPX'
withdraw Exception 'BCN'
withdraw Exception 'PHX'
withdraw Exception 'BSV'
withdraw Exception 'BTCB'
/home/lumen-dooh/.pyenv/versions/binance-coin-env/lib/python3.7/site-packages/django/db/models/fields/__init__.py:1427: RuntimeWarning: DateTimeField BitFinanceExchange.candle_date_time_kst received a naive datetime (2021-04-29 14:07:00) while time zone support is active.
  RuntimeWarning)
withdraw Exception 'BCC'
withdraw Exception 'HSR'
withdraw Exception 'YOYOW'
withdraw Exception 'STRAT'
withdraw Exception 'ICN'
withdraw Exception 'VEN'
withdraw Exception 'XZC'
withdraw Exception 'DGD'
withdraw Exception 'RPX'
withdraw Exception 'BCN'
withdraw Exception 'PHX'
withdraw Exception 'BSV'
withdraw Exception 'BTCB'
/home/lumen-dooh/.pyenv/versions/binance-coin-env/lib/python3.7/site-packages/django/db/models/fields/__init__.py:1427: RuntimeWarning: DateTimeField BitFinanceExchange.candle_date_time_kst received a naive datetime (2021-04-29 14:08:00) while time zone support is active.
  RuntimeWarning)
withdraw Exception 'BCC'
withdraw Exception 'HSR'
withdraw Exception 'YOYOW'
withdraw Exception 'STRAT'
withdraw Exception 'ICN'
withdraw Exception 'VEN'
withdraw Exception 'XZC'
withdraw Exception 'DGD'
withdraw Exception 'RPX'
withdraw Exception 'BCN'
withdraw Exception 'PHX'
withdraw Exception 'BSV'
withdraw Exception 'BTCB'
/home/lumen-dooh/.pyenv/versions/binance-coin-env/lib/python3.7/site-packages/django/db/models/fields/__init__.py:1427: RuntimeWarning: DateTimeField BitFinanceExchange.candle_date_time_kst received a naive datetime (2021-04-29 14:09:00) while time zone support is active.
  RuntimeWarning)
withdraw Exception 'BCC'
withdraw Exception 'HSR'
withdraw Exception 'YOYOW'
withdraw Exception 'STRAT'
withdraw Exception 'ICN'
withdraw Exception 'VEN'
withdraw Exception 'XZC'
withdraw Exception 'DGD'
withdraw Exception 'RPX'
withdraw Exception 'BCN'
withdraw Exception 'PHX'
withdraw Exception 'BSV'
withdraw Exception 'BTCB'
/home/lumen-dooh/.pyenv/versions/binance-coin-env/lib/python3.7/site-packages/django/db/models/fields/__init__.py:1427: RuntimeWarning: DateTimeField BitFinanceExchange.candle_date_time_kst received a naive datetime (2021-04-29 14:10:00) while time zone support is active.
  RuntimeWarning)
withdraw Exception 'BCC'
withdraw Exception 'HSR'
withdraw Exception 'YOYOW'
withdraw Exception 'STRAT'
withdraw Exception 'ICN'
withdraw Exception 'VEN'
withdraw Exception 'XZC'
withdraw Exception 'DGD'
withdraw Exception 'RPX'
withdraw Exception 'BCN'
withdraw Exception 'PHX'
withdraw Exception 'BSV'
withdraw Exception 'BTCB'
/home/lumen-dooh/.pyenv/versions/binance-coin-env/lib/python3.7/site-packages/django/db/models/fields/__init__.py:1427: RuntimeWarning: DateTimeField BitFinanceExchange.candle_date_time_kst received a naive datetime (2021-04-29 14:11:00) while time zone support is active.
  RuntimeWarning)
withdraw Exception 'BCC'
withdraw Exception 'HSR'
withdraw Exception 'YOYOW'
withdraw Exception 'STRAT'
withdraw Exception 'ICN'
withdraw Exception 'VEN'
withdraw Exception 'XZC'
withdraw Exception 'DGD'
withdraw Exception 'RPX'
withdraw Exception 'BCN'
withdraw Exception 'PHX'
withdraw Exception 'BSV'
withdraw Exception 'BTCB'
/home/lumen-dooh/.pyenv/versions/binance-coin-env/lib/python3.7/site-packages/django/db/models/fields/__init__.py:1427: RuntimeWarning: DateTimeField BitFinanceExchange.candle_date_time_kst received a naive datetime (2021-04-29 14:12:00) while time zone support is active.
  RuntimeWarning)
withdraw Exception 'BCC'
withdraw Exception 'HSR'
withdraw Exception 'YOYOW'
withdraw Exception 'STRAT'
withdraw Exception 'ICN'
withdraw Exception 'VEN'
withdraw Exception 'XZC'
withdraw Exception 'DGD'
withdraw Exception 'RPX'
withdraw Exception 'BCN'
withdraw Exception 'PHX'
withdraw Exception 'BSV'
withdraw Exception 'BTCB'
/home/lumen-dooh/.pyenv/versions/binance-coin-env/lib/python3.7/site-packages/django/db/models/fields/__init__.py:1427: RuntimeWarning: DateTimeField BitFinanceExchange.candle_date_time_kst received a naive datetime (2021-04-29 14:13:00) while time zone support is active.
  RuntimeWarning)
withdraw Exception 'BCC'
withdraw Exception 'HSR'
withdraw Exception 'YOYOW'
withdraw Exception 'STRAT'
withdraw Exception 'ICN'
withdraw Exception 'VEN'
withdraw Exception 'XZC'
withdraw Exception 'DGD'
withdraw Exception 'RPX'
withdraw Exception 'BCN'
withdraw Exception 'PHX'
withdraw Exception 'BSV'
withdraw Exception 'BTCB'
/home/lumen-dooh/.pyenv/versions/binance-coin-env/lib/python3.7/site-packages/django/db/models/fields/__init__.py:1427: RuntimeWarning: DateTimeField BitFinanceExchange.candle_date_time_kst received a naive datetime (2021-04-29 14:14:00) while time zone support is active.
  RuntimeWarning)
withdraw Exception 'BCC'
withdraw Exception 'HSR'
withdraw Exception 'YOYOW'
withdraw Exception 'STRAT'
withdraw Exception 'ICN'
withdraw Exception 'VEN'
withdraw Exception 'XZC'
withdraw Exception 'DGD'
withdraw Exception 'RPX'
withdraw Exception 'BCN'
withdraw Exception 'PHX'
withdraw Exception 'BSV'
withdraw Exception 'BTCB'
/home/lumen-dooh/.pyenv/versions/binance-coin-env/lib/python3.7/site-packages/django/db/models/fields/__init__.py:1427: RuntimeWarning: DateTimeField BitFinanceExchange.candle_date_time_kst received a naive datetime (2021-04-29 14:15:00) while time zone support is active.
  RuntimeWarning)
withdraw Exception 'BCC'
withdraw Exception 'HSR'
withdraw Exception 'YOYOW'
withdraw Exception 'STRAT'
withdraw Exception 'ICN'
withdraw Exception 'VEN'
withdraw Exception 'XZC'
withdraw Exception 'DGD'
withdraw Exception 'RPX'
withdraw Exception 'BCN'
withdraw Exception 'PHX'
withdraw Exception 'BSV'
withdraw Exception 'BTCB'
/home/lumen-dooh/.pyenv/versions/binance-coin-env/lib/python3.7/site-packages/django/db/models/fields/__init__.py:1427: RuntimeWarning: DateTimeField BitFinanceExchange.candle_date_time_kst received a naive datetime (2021-04-29 14:16:00) while time zone support is active.
  RuntimeWarning)
withdraw Exception 'BCC'
withdraw Exception 'HSR'
withdraw Exception 'YOYOW'
withdraw Exception 'STRAT'
withdraw Exception 'ICN'
withdraw Exception 'VEN'
withdraw Exception 'XZC'
withdraw Exception 'DGD'
withdraw Exception 'RPX'
withdraw Exception 'BCN'
withdraw Exception 'PHX'
withdraw Exception 'BSV'
withdraw Exception 'BTCB'
/home/lumen-dooh/.pyenv/versions/binance-coin-env/lib/python3.7/site-packages/django/db/models/fields/__init__.py:1427: RuntimeWarning: DateTimeField BitFinanceExchange.candle_date_time_kst received a naive datetime (2021-04-29 14:17:00) while time zone support is active.
  RuntimeWarning)
withdraw Exception 'BCC'
withdraw Exception 'HSR'
withdraw Exception 'YOYOW'
withdraw Exception 'STRAT'
withdraw Exception 'ICN'
withdraw Exception 'VEN'
withdraw Exception 'XZC'
withdraw Exception 'DGD'
withdraw Exception 'RPX'
withdraw Exception 'BCN'
withdraw Exception 'PHX'
withdraw Exception 'BSV'
withdraw Exception 'BTCB'
/home/lumen-dooh/.pyenv/versions/binance-coin-env/lib/python3.7/site-packages/django/db/models/fields/__init__.py:1427: RuntimeWarning: DateTimeField BitFinanceExchange.candle_date_time_kst received a naive datetime (2021-04-29 14:18:00) while time zone support is active.
  RuntimeWarning)
withdraw Exception 'BCC'
withdraw Exception 'HSR'
withdraw Exception 'YOYOW'
withdraw Exception 'STRAT'
withdraw Exception 'ICN'
withdraw Exception 'VEN'
withdraw Exception 'XZC'
withdraw Exception 'DGD'
withdraw Exception 'RPX'
withdraw Exception 'BCN'
withdraw Exception 'PHX'
withdraw Exception 'BSV'
withdraw Exception 'BTCB'
/home/lumen-dooh/.pyenv/versions/binance-coin-env/lib/python3.7/site-packages/django/db/models/fields/__init__.py:1427: RuntimeWarning: DateTimeField BitFinanceExchange.candle_date_time_kst received a naive datetime (2021-04-29 14:19:00) while time zone support is active.
  RuntimeWarning)
withdraw Exception 'BCC'
withdraw Exception 'HSR'
withdraw Exception 'YOYOW'
withdraw Exception 'STRAT'
withdraw Exception 'ICN'
withdraw Exception 'VEN'
withdraw Exception 'XZC'
withdraw Exception 'DGD'
withdraw Exception 'RPX'
withdraw Exception 'BCN'
withdraw Exception 'PHX'
withdraw Exception 'BSV'
withdraw Exception 'BTCB'
/home/lumen-dooh/.pyenv/versions/binance-coin-env/lib/python3.7/site-packages/django/db/models/fields/__init__.py:1427: RuntimeWarning: DateTimeField BitFinanceExchange.candle_date_time_kst received a naive datetime (2021-04-29 14:20:00) while time zone support is active.
  RuntimeWarning)
withdraw Exception 'BCC'
withdraw Exception 'HSR'
withdraw Exception 'YOYOW'
withdraw Exception 'STRAT'
withdraw Exception 'ICN'
withdraw Exception 'VEN'
withdraw Exception 'XZC'
withdraw Exception 'DGD'
withdraw Exception 'RPX'
withdraw Exception 'BCN'
withdraw Exception 'PHX'
withdraw Exception 'BSV'
withdraw Exception 'BTCB'
/home/lumen-dooh/.pyenv/versions/binance-coin-env/lib/python3.7/site-packages/django/db/models/fields/__init__.py:1427: RuntimeWarning: DateTimeField BitFinanceExchange.candle_date_time_kst received a naive datetime (2021-04-29 14:21:00) while time zone support is active.
  RuntimeWarning)
withdraw Exception 'BCC'
withdraw Exception 'HSR'
withdraw Exception 'YOYOW'
withdraw Exception 'STRAT'
withdraw Exception 'ICN'
withdraw Exception 'VEN'
withdraw Exception 'XZC'
withdraw Exception 'DGD'
withdraw Exception 'RPX'
withdraw Exception 'BCN'
withdraw Exception 'PHX'
withdraw Exception 'BSV'
withdraw Exception 'BTCB'
/home/lumen-dooh/.pyenv/versions/binance-coin-env/lib/python3.7/site-packages/django/db/models/fields/__init__.py:1427: RuntimeWarning: DateTimeField BitFinanceExchange.candle_date_time_kst received a naive datetime (2021-04-29 14:22:00) while time zone support is active.
  RuntimeWarning)
withdraw Exception 'BCC'
withdraw Exception 'HSR'
withdraw Exception 'YOYOW'
withdraw Exception 'STRAT'
withdraw Exception 'ICN'
withdraw Exception 'VEN'
withdraw Exception 'XZC'
withdraw Exception 'DGD'
withdraw Exception 'RPX'
withdraw Exception 'BCN'
withdraw Exception 'PHX'
withdraw Exception 'BSV'
withdraw Exception 'BTCB'
/home/lumen-dooh/.pyenv/versions/binance-coin-env/lib/python3.7/site-packages/django/db/models/fields/__init__.py:1427: RuntimeWarning: DateTimeField BitFinanceExchange.candle_date_time_kst received a naive datetime (2021-04-29 14:23:00) while time zone support is active.
  RuntimeWarning)
withdraw Exception 'BCC'
withdraw Exception 'HSR'
withdraw Exception 'YOYOW'
withdraw Exception 'STRAT'
withdraw Exception 'ICN'
withdraw Exception 'VEN'
withdraw Exception 'XZC'
withdraw Exception 'DGD'
withdraw Exception 'RPX'
withdraw Exception 'BCN'
withdraw Exception 'PHX'
withdraw Exception 'BSV'
withdraw Exception 'BTCB'
/home/lumen-dooh/.pyenv/versions/binance-coin-env/lib/python3.7/site-packages/django/db/models/fields/__init__.py:1427: RuntimeWarning: DateTimeField BitFinanceExchange.candle_date_time_kst received a naive datetime (2021-04-29 14:24:00) while time zone support is active.
  RuntimeWarning)
withdraw Exception 'BCC'
withdraw Exception 'HSR'
withdraw Exception 'YOYOW'
withdraw Exception 'STRAT'
withdraw Exception 'ICN'
withdraw Exception 'VEN'
withdraw Exception 'XZC'
withdraw Exception 'DGD'
withdraw Exception 'RPX'
withdraw Exception 'BCN'
withdraw Exception 'PHX'
withdraw Exception 'BSV'
withdraw Exception 'BTCB'
/home/lumen-dooh/.pyenv/versions/binance-coin-env/lib/python3.7/site-packages/django/db/models/fields/__init__.py:1427: RuntimeWarning: DateTimeField BitFinanceExchange.candle_date_time_kst received a naive datetime (2021-04-29 14:25:00) while time zone support is active.
  RuntimeWarning)
withdraw Exception 'BCC'
withdraw Exception 'HSR'
withdraw Exception 'YOYOW'
withdraw Exception 'STRAT'
withdraw Exception 'ICN'
withdraw Exception 'VEN'
withdraw Exception 'XZC'
withdraw Exception 'DGD'
withdraw Exception 'RPX'
withdraw Exception 'BCN'
withdraw Exception 'PHX'
withdraw Exception 'BSV'
withdraw Exception 'BTCB'
/home/lumen-dooh/.pyenv/versions/binance-coin-env/lib/python3.7/site-packages/django/db/models/fields/__init__.py:1427: RuntimeWarning: DateTimeField BitFinanceExchange.candle_date_time_kst received a naive datetime (2021-04-29 14:26:00) while time zone support is active.
  RuntimeWarning)
withdraw Exception 'BCC'
withdraw Exception 'HSR'
withdraw Exception 'YOYOW'
withdraw Exception 'STRAT'
withdraw Exception 'ICN'
withdraw Exception 'VEN'
withdraw Exception 'XZC'
withdraw Exception 'DGD'
withdraw Exception 'RPX'
withdraw Exception 'BCN'
withdraw Exception 'PHX'
withdraw Exception 'BSV'
withdraw Exception 'BTCB'
/home/lumen-dooh/.pyenv/versions/binance-coin-env/lib/python3.7/site-packages/django/db/models/fields/__init__.py:1427: RuntimeWarning: DateTimeField BitFinanceExchange.candle_date_time_kst received a naive datetime (2021-04-29 14:27:00) while time zone support is active.
  RuntimeWarning)
withdraw Exception 'BCC'
withdraw Exception 'HSR'
withdraw Exception 'YOYOW'
withdraw Exception 'STRAT'
withdraw Exception 'ICN'
withdraw Exception 'VEN'
withdraw Exception 'XZC'
withdraw Exception 'DGD'
withdraw Exception 'RPX'
withdraw Exception 'BCN'
withdraw Exception 'PHX'
withdraw Exception 'BSV'
withdraw Exception 'BTCB'
/home/lumen-dooh/.pyenv/versions/binance-coin-env/lib/python3.7/site-packages/django/db/models/fields/__init__.py:1427: RuntimeWarning: DateTimeField BitFinanceExchange.candle_date_time_kst received a naive datetime (2021-04-29 14:28:00) while time zone support is active.
  RuntimeWarning)
withdraw Exception 'BCC'
withdraw Exception 'HSR'
withdraw Exception 'YOYOW'
withdraw Exception 'STRAT'
withdraw Exception 'ICN'
withdraw Exception 'VEN'
withdraw Exception 'XZC'
withdraw Exception 'DGD'
withdraw Exception 'RPX'
withdraw Exception 'BCN'
withdraw Exception 'PHX'
withdraw Exception 'BSV'
withdraw Exception 'BTCB'
/home/lumen-dooh/.pyenv/versions/binance-coin-env/lib/python3.7/site-packages/django/db/models/fields/__init__.py:1427: RuntimeWarning: DateTimeField BitFinanceExchange.candle_date_time_kst received a naive datetime (2021-04-29 14:29:00) while time zone support is active.
  RuntimeWarning)
withdraw Exception 'BCC'
withdraw Exception 'HSR'
withdraw Exception 'YOYOW'
withdraw Exception 'STRAT'
withdraw Exception 'ICN'
withdraw Exception 'VEN'
withdraw Exception 'XZC'
withdraw Exception 'DGD'
withdraw Exception 'RPX'
withdraw Exception 'BCN'
withdraw Exception 'PHX'
withdraw Exception 'BSV'
withdraw Exception 'BTCB'
/home/lumen-dooh/.pyenv/versions/binance-coin-env/lib/python3.7/site-packages/django/db/models/fields/__init__.py:1427: RuntimeWarning: DateTimeField BitFinanceExchange.candle_date_time_kst received a naive datetime (2021-04-29 14:30:00) while time zone support is active.
  RuntimeWarning)
withdraw Exception 'BCC'
withdraw Exception 'HSR'
withdraw Exception 'YOYOW'
withdraw Exception 'STRAT'
withdraw Exception 'ICN'
withdraw Exception 'VEN'
withdraw Exception 'XZC'
withdraw Exception 'DGD'
withdraw Exception 'RPX'
withdraw Exception 'BCN'
withdraw Exception 'PHX'
withdraw Exception 'BSV'
withdraw Exception 'BTCB'
/home/lumen-dooh/.pyenv/versions/binance-coin-env/lib/python3.7/site-packages/django/db/models/fields/__init__.py:1427: RuntimeWarning: DateTimeField BitFinanceExchange.candle_date_time_kst received a naive datetime (2021-04-29 14:31:00) while time zone support is active.
  RuntimeWarning)
withdraw Exception 'BCC'
withdraw Exception 'HSR'
withdraw Exception 'YOYOW'
withdraw Exception 'STRAT'
withdraw Exception 'ICN'
withdraw Exception 'VEN'
withdraw Exception 'XZC'
withdraw Exception 'DGD'
withdraw Exception 'RPX'
withdraw Exception 'BCN'
withdraw Exception 'PHX'
withdraw Exception 'BSV'
withdraw Exception 'BTCB'
/home/lumen-dooh/.pyenv/versions/binance-coin-env/lib/python3.7/site-packages/django/db/models/fields/__init__.py:1427: RuntimeWarning: DateTimeField BitFinanceExchange.candle_date_time_kst received a naive datetime (2021-04-29 14:32:00) while time zone support is active.
  RuntimeWarning)
withdraw Exception 'BCC'
withdraw Exception 'HSR'
withdraw Exception 'YOYOW'
withdraw Exception 'STRAT'
withdraw Exception 'ICN'
withdraw Exception 'VEN'
withdraw Exception 'XZC'
withdraw Exception 'DGD'
withdraw Exception 'RPX'
withdraw Exception 'BCN'
withdraw Exception 'PHX'
withdraw Exception 'BSV'
withdraw Exception 'BTCB'
/home/lumen-dooh/.pyenv/versions/binance-coin-env/lib/python3.7/site-packages/django/db/models/fields/__init__.py:1427: RuntimeWarning: DateTimeField BitFinanceExchange.candle_date_time_kst received a naive datetime (2021-04-29 14:33:00) while time zone support is active.
  RuntimeWarning)
withdraw Exception 'BCC'
withdraw Exception 'HSR'
withdraw Exception 'YOYOW'
withdraw Exception 'STRAT'
withdraw Exception 'ICN'
withdraw Exception 'VEN'
withdraw Exception 'XZC'
withdraw Exception 'DGD'
withdraw Exception 'RPX'
withdraw Exception 'BCN'
withdraw Exception 'PHX'
withdraw Exception 'BSV'
withdraw Exception 'BTCB'
/home/lumen-dooh/.pyenv/versions/binance-coin-env/lib/python3.7/site-packages/django/db/models/fields/__init__.py:1427: RuntimeWarning: DateTimeField BitFinanceExchange.candle_date_time_kst received a naive datetime (2021-04-29 14:34:00) while time zone support is active.
  RuntimeWarning)
withdraw Exception 'BCC'
withdraw Exception 'HSR'
withdraw Exception 'YOYOW'
withdraw Exception 'STRAT'
withdraw Exception 'ICN'
withdraw Exception 'VEN'
withdraw Exception 'XZC'
withdraw Exception 'DGD'
withdraw Exception 'RPX'
withdraw Exception 'BCN'
withdraw Exception 'PHX'
withdraw Exception 'BSV'
withdraw Exception 'BTCB'
/home/lumen-dooh/.pyenv/versions/binance-coin-env/lib/python3.7/site-packages/django/db/models/fields/__init__.py:1427: RuntimeWarning: DateTimeField BitFinanceExchange.candle_date_time_kst received a naive datetime (2021-04-29 14:35:00) while time zone support is active.
  RuntimeWarning)
withdraw Exception 'BCC'
withdraw Exception 'HSR'
withdraw Exception 'YOYOW'
withdraw Exception 'STRAT'
withdraw Exception 'ICN'
withdraw Exception 'VEN'
withdraw Exception 'XZC'
withdraw Exception 'DGD'
withdraw Exception 'RPX'
withdraw Exception 'BCN'
withdraw Exception 'PHX'
withdraw Exception 'BSV'
withdraw Exception 'BTCB'
/home/lumen-dooh/.pyenv/versions/binance-coin-env/lib/python3.7/site-packages/django/db/models/fields/__init__.py:1427: RuntimeWarning: DateTimeField BitFinanceExchange.candle_date_time_kst received a naive datetime (2021-04-29 14:36:00) while time zone support is active.
  RuntimeWarning)
withdraw Exception 'BCC'
withdraw Exception 'HSR'
withdraw Exception 'YOYOW'
withdraw Exception 'STRAT'
withdraw Exception 'ICN'
withdraw Exception 'VEN'
withdraw Exception 'XZC'
withdraw Exception 'DGD'
withdraw Exception 'RPX'
withdraw Exception 'BCN'
withdraw Exception 'PHX'
withdraw Exception 'BSV'
withdraw Exception 'BTCB'
/home/lumen-dooh/.pyenv/versions/binance-coin-env/lib/python3.7/site-packages/django/db/models/fields/__init__.py:1427: RuntimeWarning: DateTimeField BitFinanceExchange.candle_date_time_kst received a naive datetime (2021-04-29 14:37:00) while time zone support is active.
  RuntimeWarning)
withdraw Exception 'BCC'
withdraw Exception 'HSR'
withdraw Exception 'YOYOW'
withdraw Exception 'STRAT'
withdraw Exception 'ICN'
withdraw Exception 'VEN'
withdraw Exception 'XZC'
withdraw Exception 'DGD'
withdraw Exception 'RPX'
withdraw Exception 'BCN'
withdraw Exception 'PHX'
withdraw Exception 'BSV'
withdraw Exception 'BTCB'
/home/lumen-dooh/.pyenv/versions/binance-coin-env/lib/python3.7/site-packages/django/db/models/fields/__init__.py:1427: RuntimeWarning: DateTimeField BitFinanceExchange.candle_date_time_kst received a naive datetime (2021-04-29 14:38:00) while time zone support is active.
  RuntimeWarning)
withdraw Exception 'BCC'
withdraw Exception 'HSR'
withdraw Exception 'YOYOW'
withdraw Exception 'STRAT'
withdraw Exception 'ICN'
withdraw Exception 'VEN'
withdraw Exception 'XZC'
withdraw Exception 'DGD'
withdraw Exception 'RPX'
withdraw Exception 'BCN'
withdraw Exception 'PHX'
withdraw Exception 'BSV'
withdraw Exception 'BTCB'
/home/lumen-dooh/.pyenv/versions/binance-coin-env/lib/python3.7/site-packages/django/db/models/fields/__init__.py:1427: RuntimeWarning: DateTimeField BitFinanceExchange.candle_date_time_kst received a naive datetime (2021-04-29 14:39:00) while time zone support is active.
  RuntimeWarning)
withdraw Exception 'BCC'
withdraw Exception 'HSR'
withdraw Exception 'YOYOW'
withdraw Exception 'STRAT'
withdraw Exception 'ICN'
withdraw Exception 'VEN'
withdraw Exception 'XZC'
withdraw Exception 'DGD'
withdraw Exception 'RPX'
withdraw Exception 'BCN'
withdraw Exception 'PHX'
withdraw Exception 'BSV'
withdraw Exception 'BTCB'
/home/lumen-dooh/.pyenv/versions/binance-coin-env/lib/python3.7/site-packages/django/db/models/fields/__init__.py:1427: RuntimeWarning: DateTimeField BitFinanceExchange.candle_date_time_kst received a naive datetime (2021-04-29 14:40:00) while time zone support is active.
  RuntimeWarning)
withdraw Exception 'BCC'
withdraw Exception 'HSR'
withdraw Exception 'YOYOW'
withdraw Exception 'STRAT'
withdraw Exception 'ICN'
withdraw Exception 'VEN'
withdraw Exception 'XZC'
withdraw Exception 'DGD'
withdraw Exception 'RPX'
withdraw Exception 'BCN'
withdraw Exception 'PHX'
withdraw Exception 'BSV'
withdraw Exception 'BTCB'
/home/lumen-dooh/.pyenv/versions/binance-coin-env/lib/python3.7/site-packages/django/db/models/fields/__init__.py:1427: RuntimeWarning: DateTimeField BitFinanceExchange.candle_date_time_kst received a naive datetime (2021-04-29 14:41:00) while time zone support is active.
  RuntimeWarning)
withdraw Exception 'BCC'
withdraw Exception 'HSR'
withdraw Exception 'YOYOW'
withdraw Exception 'STRAT'
withdraw Exception 'ICN'
withdraw Exception 'VEN'
withdraw Exception 'XZC'
withdraw Exception 'DGD'
withdraw Exception 'RPX'
withdraw Exception 'BCN'
withdraw Exception 'PHX'
withdraw Exception 'BSV'
withdraw Exception 'BTCB'
/home/lumen-dooh/.pyenv/versions/binance-coin-env/lib/python3.7/site-packages/django/db/models/fields/__init__.py:1427: RuntimeWarning: DateTimeField BitFinanceExchange.candle_date_time_kst received a naive datetime (2021-04-29 14:42:00) while time zone support is active.
  RuntimeWarning)
withdraw Exception 'BCC'
withdraw Exception 'HSR'
withdraw Exception 'YOYOW'
withdraw Exception 'STRAT'
withdraw Exception 'ICN'
withdraw Exception 'VEN'
withdraw Exception 'XZC'
withdraw Exception 'DGD'
withdraw Exception 'RPX'
withdraw Exception 'BCN'
withdraw Exception 'PHX'
withdraw Exception 'BSV'
withdraw Exception 'BTCB'
/home/lumen-dooh/.pyenv/versions/binance-coin-env/lib/python3.7/site-packages/django/db/models/fields/__init__.py:1427: RuntimeWarning: DateTimeField BitFinanceExchange.candle_date_time_kst received a naive datetime (2021-04-29 14:43:00) while time zone support is active.
  RuntimeWarning)
withdraw Exception 'BCC'
withdraw Exception 'HSR'
withdraw Exception 'YOYOW'
withdraw Exception 'STRAT'
withdraw Exception 'ICN'
withdraw Exception 'VEN'
withdraw Exception 'XZC'
withdraw Exception 'DGD'
withdraw Exception 'RPX'
withdraw Exception 'BCN'
withdraw Exception 'PHX'
withdraw Exception 'BSV'
withdraw Exception 'BTCB'
/home/lumen-dooh/.pyenv/versions/binance-coin-env/lib/python3.7/site-packages/django/db/models/fields/__init__.py:1427: RuntimeWarning: DateTimeField BitFinanceExchange.candle_date_time_kst received a naive datetime (2021-04-29 14:44:00) while time zone support is active.
  RuntimeWarning)
withdraw Exception 'BCC'
withdraw Exception 'HSR'
withdraw Exception 'YOYOW'
withdraw Exception 'STRAT'
withdraw Exception 'ICN'
withdraw Exception 'VEN'
withdraw Exception 'XZC'
withdraw Exception 'DGD'
withdraw Exception 'RPX'
withdraw Exception 'BCN'
withdraw Exception 'PHX'
withdraw Exception 'BSV'
withdraw Exception 'BTCB'
/home/lumen-dooh/.pyenv/versions/binance-coin-env/lib/python3.7/site-packages/django/db/models/fields/__init__.py:1427: RuntimeWarning: DateTimeField BitFinanceExchange.candle_date_time_kst received a naive datetime (2021-04-29 14:45:00) while time zone support is active.
  RuntimeWarning)
withdraw Exception 'BCC'
withdraw Exception 'HSR'
withdraw Exception 'YOYOW'
withdraw Exception 'STRAT'
withdraw Exception 'ICN'
withdraw Exception 'VEN'
withdraw Exception 'XZC'
withdraw Exception 'DGD'
withdraw Exception 'RPX'
withdraw Exception 'BCN'
withdraw Exception 'PHX'
withdraw Exception 'BSV'
withdraw Exception 'BTCB'
/home/lumen-dooh/.pyenv/versions/binance-coin-env/lib/python3.7/site-packages/django/db/models/fields/__init__.py:1427: RuntimeWarning: DateTimeField BitFinanceExchange.candle_date_time_kst received a naive datetime (2021-04-29 14:46:00) while time zone support is active.
  RuntimeWarning)
withdraw Exception 'BCC'
withdraw Exception 'HSR'
withdraw Exception 'YOYOW'
withdraw Exception 'STRAT'
withdraw Exception 'ICN'
withdraw Exception 'VEN'
withdraw Exception 'XZC'
withdraw Exception 'DGD'
withdraw Exception 'RPX'
withdraw Exception 'BCN'
withdraw Exception 'PHX'
withdraw Exception 'BSV'
withdraw Exception 'BTCB'
/home/lumen-dooh/.pyenv/versions/binance-coin-env/lib/python3.7/site-packages/django/db/models/fields/__init__.py:1427: RuntimeWarning: DateTimeField BitFinanceExchange.candle_date_time_kst received a naive datetime (2021-04-29 14:47:00) while time zone support is active.
  RuntimeWarning)
withdraw Exception 'BCC'
withdraw Exception 'HSR'
withdraw Exception 'YOYOW'
withdraw Exception 'STRAT'
withdraw Exception 'ICN'
withdraw Exception 'VEN'
withdraw Exception 'XZC'
withdraw Exception 'DGD'
withdraw Exception 'RPX'
withdraw Exception 'BCN'
withdraw Exception 'PHX'
withdraw Exception 'BSV'
withdraw Exception 'BTCB'
/home/lumen-dooh/.pyenv/versions/binance-coin-env/lib/python3.7/site-packages/django/db/models/fields/__init__.py:1427: RuntimeWarning: DateTimeField BitFinanceExchange.candle_date_time_kst received a naive datetime (2021-04-29 14:48:00) while time zone support is active.
  RuntimeWarning)
withdraw Exception 'BCC'
withdraw Exception 'HSR'
withdraw Exception 'YOYOW'
withdraw Exception 'STRAT'
withdraw Exception 'ICN'
withdraw Exception 'VEN'
withdraw Exception 'XZC'
withdraw Exception 'DGD'
withdraw Exception 'RPX'
withdraw Exception 'BCN'
withdraw Exception 'PHX'
withdraw Exception 'BSV'
withdraw Exception 'BTCB'
/home/lumen-dooh/.pyenv/versions/binance-coin-env/lib/python3.7/site-packages/django/db/models/fields/__init__.py:1427: RuntimeWarning: DateTimeField BitFinanceExchange.candle_date_time_kst received a naive datetime (2021-04-29 14:49:00) while time zone support is active.
  RuntimeWarning)
withdraw Exception 'BCC'
withdraw Exception 'HSR'
withdraw Exception 'YOYOW'
withdraw Exception 'STRAT'
withdraw Exception 'ICN'
withdraw Exception 'VEN'
withdraw Exception 'XZC'
withdraw Exception 'DGD'
withdraw Exception 'RPX'
withdraw Exception 'BCN'
withdraw Exception 'PHX'
withdraw Exception 'BSV'
withdraw Exception 'BTCB'
/home/lumen-dooh/.pyenv/versions/binance-coin-env/lib/python3.7/site-packages/django/db/models/fields/__init__.py:1427: RuntimeWarning: DateTimeField BitFinanceExchange.candle_date_time_kst received a naive datetime (2021-04-29 14:50:00) while time zone support is active.
  RuntimeWarning)
withdraw Exception 'BCC'
withdraw Exception 'HSR'
withdraw Exception 'YOYOW'
withdraw Exception 'STRAT'
withdraw Exception 'ICN'
withdraw Exception 'VEN'
withdraw Exception 'XZC'
withdraw Exception 'DGD'
withdraw Exception 'RPX'
withdraw Exception 'BCN'
withdraw Exception 'PHX'
withdraw Exception 'BSV'
withdraw Exception 'BTCB'
/home/lumen-dooh/.pyenv/versions/binance-coin-env/lib/python3.7/site-packages/django/db/models/fields/__init__.py:1427: RuntimeWarning: DateTimeField BitFinanceExchange.candle_date_time_kst received a naive datetime (2021-04-29 14:51:00) while time zone support is active.
  RuntimeWarning)
withdraw Exception 'BCC'
withdraw Exception 'HSR'
withdraw Exception 'YOYOW'
withdraw Exception 'STRAT'
withdraw Exception 'ICN'
withdraw Exception 'VEN'
withdraw Exception 'XZC'
withdraw Exception 'DGD'
withdraw Exception 'RPX'
withdraw Exception 'BCN'
withdraw Exception 'PHX'
withdraw Exception 'BSV'
withdraw Exception 'BTCB'
/home/lumen-dooh/.pyenv/versions/binance-coin-env/lib/python3.7/site-packages/django/db/models/fields/__init__.py:1427: RuntimeWarning: DateTimeField BitFinanceExchange.candle_date_time_kst received a naive datetime (2021-04-29 14:52:00) while time zone support is active.
  RuntimeWarning)
withdraw Exception 'BCC'
withdraw Exception 'HSR'
withdraw Exception 'YOYOW'
withdraw Exception 'STRAT'
withdraw Exception 'ICN'
withdraw Exception 'VEN'
withdraw Exception 'XZC'
withdraw Exception 'DGD'
withdraw Exception 'RPX'
withdraw Exception 'BCN'
withdraw Exception 'PHX'
withdraw Exception 'BSV'
withdraw Exception 'BTCB'
/home/lumen-dooh/.pyenv/versions/binance-coin-env/lib/python3.7/site-packages/django/db/models/fields/__init__.py:1427: RuntimeWarning: DateTimeField BitFinanceExchange.candle_date_time_kst received a naive datetime (2021-04-29 14:53:00) while time zone support is active.
  RuntimeWarning)
withdraw Exception 'BCC'
withdraw Exception 'HSR'
withdraw Exception 'YOYOW'
withdraw Exception 'STRAT'
withdraw Exception 'ICN'
withdraw Exception 'VEN'
withdraw Exception 'XZC'
withdraw Exception 'DGD'
withdraw Exception 'RPX'
withdraw Exception 'BCN'
withdraw Exception 'PHX'
withdraw Exception 'BSV'
withdraw Exception 'BTCB'
/home/lumen-dooh/.pyenv/versions/binance-coin-env/lib/python3.7/site-packages/django/db/models/fields/__init__.py:1427: RuntimeWarning: DateTimeField BitFinanceExchange.candle_date_time_kst received a naive datetime (2021-04-29 14:54:00) while time zone support is active.
  RuntimeWarning)
withdraw Exception 'BCC'
withdraw Exception 'HSR'
withdraw Exception 'YOYOW'
withdraw Exception 'STRAT'
withdraw Exception 'ICN'
withdraw Exception 'VEN'
withdraw Exception 'XZC'
withdraw Exception 'DGD'
withdraw Exception 'RPX'
withdraw Exception 'BCN'
withdraw Exception 'PHX'
withdraw Exception 'BSV'
withdraw Exception 'BTCB'
/home/lumen-dooh/.pyenv/versions/binance-coin-env/lib/python3.7/site-packages/django/db/models/fields/__init__.py:1427: RuntimeWarning: DateTimeField BitFinanceExchange.candle_date_time_kst received a naive datetime (2021-04-29 14:55:00) while time zone support is active.
  RuntimeWarning)
withdraw Exception 'BCC'
withdraw Exception 'HSR'
withdraw Exception 'YOYOW'
withdraw Exception 'STRAT'
withdraw Exception 'ICN'
withdraw Exception 'VEN'
withdraw Exception 'XZC'
withdraw Exception 'DGD'
withdraw Exception 'RPX'
withdraw Exception 'BCN'
withdraw Exception 'PHX'
withdraw Exception 'BSV'
withdraw Exception 'BTCB'
/home/lumen-dooh/.pyenv/versions/binance-coin-env/lib/python3.7/site-packages/django/db/models/fields/__init__.py:1427: RuntimeWarning: DateTimeField BitFinanceExchange.candle_date_time_kst received a naive datetime (2021-04-29 14:56:00) while time zone support is active.
  RuntimeWarning)
withdraw Exception 'BCC'
withdraw Exception 'HSR'
withdraw Exception 'YOYOW'
withdraw Exception 'STRAT'
withdraw Exception 'ICN'
withdraw Exception 'VEN'
withdraw Exception 'XZC'
withdraw Exception 'DGD'
withdraw Exception 'RPX'
withdraw Exception 'BCN'
withdraw Exception 'PHX'
withdraw Exception 'BSV'
withdraw Exception 'BTCB'
/home/lumen-dooh/.pyenv/versions/binance-coin-env/lib/python3.7/site-packages/django/db/models/fields/__init__.py:1427: RuntimeWarning: DateTimeField BitFinanceExchange.candle_date_time_kst received a naive datetime (2021-04-29 14:57:00) while time zone support is active.
  RuntimeWarning)
withdraw Exception 'BCC'
withdraw Exception 'HSR'
withdraw Exception 'YOYOW'
withdraw Exception 'STRAT'
withdraw Exception 'ICN'
withdraw Exception 'VEN'
withdraw Exception 'XZC'
withdraw Exception 'DGD'
withdraw Exception 'RPX'
withdraw Exception 'BCN'
withdraw Exception 'PHX'
withdraw Exception 'BSV'
withdraw Exception 'BTCB'
/home/lumen-dooh/.pyenv/versions/binance-coin-env/lib/python3.7/site-packages/django/db/models/fields/__init__.py:1427: RuntimeWarning: DateTimeField BitFinanceExchange.candle_date_time_kst received a naive datetime (2021-04-29 14:58:00) while time zone support is active.
  RuntimeWarning)
withdraw Exception 'BCC'
withdraw Exception 'HSR'
withdraw Exception 'YOYOW'
withdraw Exception 'STRAT'
withdraw Exception 'ICN'
withdraw Exception 'VEN'
withdraw Exception 'XZC'
withdraw Exception 'DGD'
withdraw Exception 'RPX'
withdraw Exception 'BCN'
withdraw Exception 'PHX'
withdraw Exception 'BSV'
withdraw Exception 'BTCB'
/home/lumen-dooh/.pyenv/versions/binance-coin-env/lib/python3.7/site-packages/django/db/models/fields/__init__.py:1427: RuntimeWarning: DateTimeField BitFinanceExchange.candle_date_time_kst received a naive datetime (2021-04-29 14:59:00) while time zone support is active.
  RuntimeWarning)
withdraw Exception 'BCC'
withdraw Exception 'HSR'
withdraw Exception 'YOYOW'
withdraw Exception 'STRAT'
withdraw Exception 'ICN'
withdraw Exception 'VEN'
withdraw Exception 'XZC'
withdraw Exception 'DGD'
withdraw Exception 'RPX'
withdraw Exception 'BCN'
withdraw Exception 'PHX'
withdraw Exception 'BSV'
withdraw Exception 'BTCB'
/home/lumen-dooh/.pyenv/versions/binance-coin-env/lib/python3.7/site-packages/django/db/models/fields/__init__.py:1427: RuntimeWarning: DateTimeField BitFinanceExchange.candle_date_time_kst received a naive datetime (2021-04-29 15:00:00) while time zone support is active.
  RuntimeWarning)
withdraw Exception 'BCC'
withdraw Exception 'HSR'
withdraw Exception 'YOYOW'
withdraw Exception 'STRAT'
withdraw Exception 'ICN'
withdraw Exception 'VEN'
withdraw Exception 'XZC'
withdraw Exception 'DGD'
withdraw Exception 'RPX'
withdraw Exception 'BCN'
withdraw Exception 'PHX'
withdraw Exception 'BSV'
withdraw Exception 'BTCB'
/home/lumen-dooh/.pyenv/versions/binance-coin-env/lib/python3.7/site-packages/django/db/models/fields/__init__.py:1427: RuntimeWarning: DateTimeField BitFinanceExchange.candle_date_time_kst received a naive datetime (2021-04-29 15:01:00) while time zone support is active.
  RuntimeWarning)
withdraw Exception 'BCC'
withdraw Exception 'HSR'
withdraw Exception 'YOYOW'
withdraw Exception 'STRAT'
withdraw Exception 'ICN'
withdraw Exception 'VEN'
withdraw Exception 'XZC'
withdraw Exception 'DGD'
withdraw Exception 'RPX'
withdraw Exception 'BCN'
withdraw Exception 'PHX'
withdraw Exception 'BSV'
withdraw Exception 'BTCB'
/home/lumen-dooh/.pyenv/versions/binance-coin-env/lib/python3.7/site-packages/django/db/models/fields/__init__.py:1427: RuntimeWarning: DateTimeField BitFinanceExchange.candle_date_time_kst received a naive datetime (2021-04-29 15:07:00) while time zone support is active.
  RuntimeWarning)
withdraw Exception 'BCC'
withdraw Exception 'HSR'
withdraw Exception 'YOYOW'
withdraw Exception 'STRAT'
withdraw Exception 'ICN'
withdraw Exception 'VEN'
withdraw Exception 'XZC'
withdraw Exception 'DGD'
withdraw Exception 'RPX'
withdraw Exception 'BCN'
withdraw Exception 'PHX'
withdraw Exception 'BSV'
withdraw Exception 'BTCB'
/home/lumen-dooh/.pyenv/versions/binance-coin-env/lib/python3.7/site-packages/django/db/models/fields/__init__.py:1427: RuntimeWarning: DateTimeField BitFinanceExchange.candle_date_time_kst received a naive datetime (2021-04-29 15:08:00) while time zone support is active.
  RuntimeWarning)
withdraw Exception 'BCC'
withdraw Exception 'HSR'
withdraw Exception 'YOYOW'
withdraw Exception 'STRAT'
withdraw Exception 'ICN'
withdraw Exception 'VEN'
withdraw Exception 'XZC'
withdraw Exception 'DGD'
withdraw Exception 'RPX'
withdraw Exception 'BCN'
withdraw Exception 'PHX'
withdraw Exception 'BSV'
withdraw Exception 'BTCB'
/home/lumen-dooh/.pyenv/versions/binance-coin-env/lib/python3.7/site-packages/django/db/models/fields/__init__.py:1427: RuntimeWarning: DateTimeField BitFinanceExchange.candle_date_time_kst received a naive datetime (2021-04-29 15:09:00) while time zone support is active.
  RuntimeWarning)
withdraw Exception 'BCC'
withdraw Exception 'HSR'
withdraw Exception 'YOYOW'
withdraw Exception 'STRAT'
withdraw Exception 'ICN'
withdraw Exception 'VEN'
withdraw Exception 'XZC'
withdraw Exception 'DGD'
withdraw Exception 'RPX'
withdraw Exception 'BCN'
withdraw Exception 'PHX'
withdraw Exception 'BSV'
withdraw Exception 'BTCB'
/home/lumen-dooh/.pyenv/versions/binance-coin-env/lib/python3.7/site-packages/django/db/models/fields/__init__.py:1427: RuntimeWarning: DateTimeField BitFinanceExchange.candle_date_time_kst received a naive datetime (2021-04-29 15:10:00) while time zone support is active.
  RuntimeWarning)
withdraw Exception 'BCC'
withdraw Exception 'HSR'
withdraw Exception 'YOYOW'
withdraw Exception 'STRAT'
withdraw Exception 'ICN'
withdraw Exception 'VEN'
withdraw Exception 'XZC'
withdraw Exception 'DGD'
withdraw Exception 'RPX'
withdraw Exception 'BCN'
withdraw Exception 'PHX'
withdraw Exception 'BSV'
withdraw Exception 'BTCB'
/home/lumen-dooh/.pyenv/versions/binance-coin-env/lib/python3.7/site-packages/django/db/models/fields/__init__.py:1427: RuntimeWarning: DateTimeField BitFinanceExchange.candle_date_time_kst received a naive datetime (2021-04-29 15:11:00) while time zone support is active.
  RuntimeWarning)
withdraw Exception 'BCC'
withdraw Exception 'HSR'
withdraw Exception 'YOYOW'
withdraw Exception 'STRAT'
withdraw Exception 'ICN'
withdraw Exception 'VEN'
withdraw Exception 'XZC'
withdraw Exception 'DGD'
withdraw Exception 'RPX'
withdraw Exception 'BCN'
withdraw Exception 'PHX'
withdraw Exception 'BSV'
withdraw Exception 'BTCB'
/home/lumen-dooh/.pyenv/versions/binance-coin-env/lib/python3.7/site-packages/django/db/models/fields/__init__.py:1427: RuntimeWarning: DateTimeField BitFinanceExchange.candle_date_time_kst received a naive datetime (2021-04-29 15:12:00) while time zone support is active.
  RuntimeWarning)
withdraw Exception 'BCC'
withdraw Exception 'HSR'
withdraw Exception 'YOYOW'
withdraw Exception 'STRAT'
withdraw Exception 'ICN'
withdraw Exception 'VEN'
withdraw Exception 'XZC'
withdraw Exception 'DGD'
withdraw Exception 'RPX'
withdraw Exception 'BCN'
withdraw Exception 'PHX'
withdraw Exception 'BSV'
withdraw Exception 'BTCB'
/home/lumen-dooh/.pyenv/versions/binance-coin-env/lib/python3.7/site-packages/django/db/models/fields/__init__.py:1427: RuntimeWarning: DateTimeField BitFinanceExchange.candle_date_time_kst received a naive datetime (2021-04-29 15:13:00) while time zone support is active.
  RuntimeWarning)
withdraw Exception 'BCC'
withdraw Exception 'HSR'
withdraw Exception 'YOYOW'
withdraw Exception 'STRAT'
withdraw Exception 'ICN'
withdraw Exception 'VEN'
withdraw Exception 'XZC'
withdraw Exception 'DGD'
withdraw Exception 'RPX'
withdraw Exception 'BCN'
withdraw Exception 'PHX'
withdraw Exception 'BSV'
withdraw Exception 'BTCB'
/home/lumen-dooh/.pyenv/versions/binance-coin-env/lib/python3.7/site-packages/django/db/models/fields/__init__.py:1427: RuntimeWarning: DateTimeField BitFinanceExchange.candle_date_time_kst received a naive datetime (2021-04-29 15:14:00) while time zone support is active.
  RuntimeWarning)
withdraw Exception 'BCC'
withdraw Exception 'HSR'
withdraw Exception 'YOYOW'
withdraw Exception 'STRAT'
withdraw Exception 'ICN'
withdraw Exception 'VEN'
withdraw Exception 'XZC'
withdraw Exception 'DGD'
withdraw Exception 'RPX'
withdraw Exception 'BCN'
withdraw Exception 'PHX'
withdraw Exception 'BSV'
withdraw Exception 'BTCB'
/home/lumen-dooh/.pyenv/versions/binance-coin-env/lib/python3.7/site-packages/django/db/models/fields/__init__.py:1427: RuntimeWarning: DateTimeField BitFinanceExchange.candle_date_time_kst received a naive datetime (2021-04-29 15:15:00) while time zone support is active.
  RuntimeWarning)
withdraw Exception 'BCC'
withdraw Exception 'HSR'
withdraw Exception 'YOYOW'
withdraw Exception 'STRAT'
withdraw Exception 'ICN'
withdraw Exception 'VEN'
withdraw Exception 'XZC'
withdraw Exception 'DGD'
withdraw Exception 'RPX'
withdraw Exception 'BCN'
withdraw Exception 'PHX'
withdraw Exception 'BSV'
withdraw Exception 'BTCB'
/home/lumen-dooh/.pyenv/versions/binance-coin-env/lib/python3.7/site-packages/django/db/models/fields/__init__.py:1427: RuntimeWarning: DateTimeField BitFinanceExchange.candle_date_time_kst received a naive datetime (2021-04-29 15:16:00) while time zone support is active.
  RuntimeWarning)
withdraw Exception 'BCC'
withdraw Exception 'HSR'
withdraw Exception 'YOYOW'
withdraw Exception 'STRAT'
withdraw Exception 'ICN'
withdraw Exception 'VEN'
withdraw Exception 'XZC'
withdraw Exception 'DGD'
withdraw Exception 'RPX'
withdraw Exception 'BCN'
withdraw Exception 'PHX'
withdraw Exception 'BSV'
withdraw Exception 'BTCB'
/home/lumen-dooh/.pyenv/versions/binance-coin-env/lib/python3.7/site-packages/django/db/models/fields/__init__.py:1427: RuntimeWarning: DateTimeField BitFinanceExchange.candle_date_time_kst received a naive datetime (2021-04-29 15:17:00) while time zone support is active.
  RuntimeWarning)
withdraw Exception 'BCC'
withdraw Exception 'HSR'
withdraw Exception 'YOYOW'
withdraw Exception 'STRAT'
withdraw Exception 'ICN'
withdraw Exception 'VEN'
withdraw Exception 'XZC'
withdraw Exception 'DGD'
withdraw Exception 'RPX'
withdraw Exception 'BCN'
withdraw Exception 'PHX'
withdraw Exception 'BSV'
withdraw Exception 'BTCB'
/home/lumen-dooh/.pyenv/versions/binance-coin-env/lib/python3.7/site-packages/django/db/models/fields/__init__.py:1427: RuntimeWarning: DateTimeField BitFinanceExchange.candle_date_time_kst received a naive datetime (2021-04-29 15:18:00) while time zone support is active.
  RuntimeWarning)
withdraw Exception 'BCC'
withdraw Exception 'HSR'
withdraw Exception 'YOYOW'
withdraw Exception 'STRAT'
withdraw Exception 'ICN'
withdraw Exception 'VEN'
withdraw Exception 'XZC'
withdraw Exception 'DGD'
withdraw Exception 'RPX'
withdraw Exception 'BCN'
withdraw Exception 'PHX'
withdraw Exception 'BSV'
withdraw Exception 'BTCB'
/home/lumen-dooh/.pyenv/versions/binance-coin-env/lib/python3.7/site-packages/django/db/models/fields/__init__.py:1427: RuntimeWarning: DateTimeField BitFinanceExchange.candle_date_time_kst received a naive datetime (2021-04-29 15:19:00) while time zone support is active.
  RuntimeWarning)
withdraw Exception 'BCC'
withdraw Exception 'HSR'
withdraw Exception 'YOYOW'
withdraw Exception 'STRAT'
withdraw Exception 'ICN'
withdraw Exception 'VEN'
withdraw Exception 'XZC'
withdraw Exception 'DGD'
withdraw Exception 'RPX'
withdraw Exception 'BCN'
withdraw Exception 'PHX'
withdraw Exception 'BSV'
withdraw Exception 'BTCB'
